CRITICAL - 2022-01-03 22:47:02 --> Too few arguments to function App\Controllers\Product::edit(), 0 passed in D:\Web\htdocs\ProfileNew\system\CodeIgniter.php on line 824 and exactly 1 expected
#0 D:\Web\htdocs\ProfileNew\system\CodeIgniter.php(824): App\Controllers\Product->edit()
#1 D:\Web\htdocs\ProfileNew\system\CodeIgniter.php(410): CodeIgniter\CodeIgniter->runController(Object(App\Controllers\Product))
#2 D:\Web\htdocs\ProfileNew\system\CodeIgniter.php(318): CodeIgniter\CodeIgniter->handleRequest(NULL, Object(Config\Cache), false)
#3 D:\Web\htdocs\ProfileNew\public\index.php(37): CodeIgniter\CodeIgniter->run()
#4 {main}
CRITICAL - 2022-01-03 22:53:34 --> Trying to access array offset on value of type null
#0 D:\Web\htdocs\ProfileNew\app\Views\product\edit.php(7): CodeIgniter\Debug\Exceptions->errorHandler(2, 'Trying to acces...', 'D:\\Web\\htdocs\\P...', 7)
#1 D:\Web\htdocs\ProfileNew\system\View\View.php(214): include('D:\\Web\\htdocs\\P...')
#2 D:\Web\htdocs\ProfileNew\system\View\View.php(217): CodeIgniter\View\View->CodeIgniter\View\{closure}()
#3 D:\Web\htdocs\ProfileNew\system\Common.php(1097): CodeIgniter\View\View->render('product/edit', Array, true)
#4 D:\Web\htdocs\ProfileNew\app\Views\layout\content.php(4): view('product/edit')
#5 D:\Web\htdocs\ProfileNew\system\View\View.php(214): include('D:\\Web\\htdocs\\P...')
#6 D:\Web\htdocs\ProfileNew\system\View\View.php(217): CodeIgniter\View\View->CodeIgniter\View\{closure}()
#7 D:\Web\htdocs\ProfileNew\system\Common.php(1097): CodeIgniter\View\View->render('layout/content....', Array, true)
#8 D:\Web\htdocs\ProfileNew\app\Views\layout\wrapper.php(5): view('layout/content....')
#9 D:\Web\htdocs\ProfileNew\system\View\View.php(214): include('D:\\Web\\htdocs\\P...')
#10 D:\Web\htdocs\ProfileNew\system\View\View.php(217): CodeIgniter\View\View->CodeIgniter\View\{closure}()
#11 D:\Web\htdocs\ProfileNew\system\Common.php(1097): CodeIgniter\View\View->render('layout/wrapper', Array, true)
#12 D:\Web\htdocs\ProfileNew\app\Controllers\Product.php(50): view('layout/wrapper', Array)
#13 D:\Web\htdocs\ProfileNew\system\CodeIgniter.php(824): App\Controllers\Product->edit('dist', 'img', 'user1-128x128.j...')
#14 D:\Web\htdocs\ProfileNew\system\CodeIgniter.php(410): CodeIgniter\CodeIgniter->runController(Object(App\Controllers\Product))
#15 D:\Web\htdocs\ProfileNew\system\CodeIgniter.php(318): CodeIgniter\CodeIgniter->handleRequest(NULL, Object(Config\Cache), false)
#16 D:\Web\htdocs\ProfileNew\public\index.php(37): CodeIgniter\CodeIgniter->run()
#17 {main}
CRITICAL - 2022-01-03 22:53:34 --> Trying to access array offset on value of type null
#0 D:\Web\htdocs\ProfileNew\app\Views\product\edit.php(7): CodeIgniter\Debug\Exceptions->errorHandler(2, 'Trying to acces...', 'D:\\Web\\htdocs\\P...', 7)
#1 D:\Web\htdocs\ProfileNew\system\View\View.php(214): include('D:\\Web\\htdocs\\P...')
#2 D:\Web\htdocs\ProfileNew\system\View\View.php(217): CodeIgniter\View\View->CodeIgniter\View\{closure}()
#3 D:\Web\htdocs\ProfileNew\system\Common.php(1097): CodeIgniter\View\View->render('product/edit', Array, true)
#4 D:\Web\htdocs\ProfileNew\app\Views\layout\content.php(4): view('product/edit')
#5 D:\Web\htdocs\ProfileNew\system\View\View.php(214): include('D:\\Web\\htdocs\\P...')
#6 D:\Web\htdocs\ProfileNew\system\View\View.php(217): CodeIgniter\View\View->CodeIgniter\View\{closure}()
#7 D:\Web\htdocs\ProfileNew\system\Common.php(1097): CodeIgniter\View\View->render('layout/content....', Array, true)
#8 D:\Web\htdocs\ProfileNew\app\Views\layout\wrapper.php(5): view('layout/content....')
#9 D:\Web\htdocs\ProfileNew\system\View\View.php(214): include('D:\\Web\\htdocs\\P...')
#10 D:\Web\htdocs\ProfileNew\system\View\View.php(217): CodeIgniter\View\View->CodeIgniter\View\{closure}()
#11 D:\Web\htdocs\ProfileNew\system\Common.php(1097): CodeIgniter\View\View->render('layout/wrapper', Array, true)
#12 D:\Web\htdocs\ProfileNew\app\Controllers\Product.php(50): view('layout/wrapper', Array)
#13 D:\Web\htdocs\ProfileNew\system\CodeIgniter.php(824): App\Controllers\Product->edit('dist', 'img', 'user8-128x128.j...')
#14 D:\Web\htdocs\ProfileNew\system\CodeIgniter.php(410): CodeIgniter\CodeIgniter->runController(Object(App\Controllers\Product))
#15 D:\Web\htdocs\ProfileNew\system\CodeIgniter.php(318): CodeIgniter\CodeIgniter->handleRequest(NULL, Object(Config\Cache), false)
#16 D:\Web\htdocs\ProfileNew\public\index.php(37): CodeIgniter\CodeIgniter->run()
#17 {main}
CRITICAL - 2022-01-03 22:53:34 --> Trying to access array offset on value of type null
#0 D:\Web\htdocs\ProfileNew\app\Views\product\edit.php(7): CodeIgniter\Debug\Exceptions->errorHandler(2, 'Trying to acces...', 'D:\\Web\\htdocs\\P...', 7)
#1 D:\Web\htdocs\ProfileNew\system\View\View.php(214): include('D:\\Web\\htdocs\\P...')
#2 D:\Web\htdocs\ProfileNew\system\View\View.php(217): CodeIgniter\View\View->CodeIgniter\View\{closure}()
#3 D:\Web\htdocs\ProfileNew\system\Common.php(1097): CodeIgniter\View\View->render('product/edit', Array, true)
#4 D:\Web\htdocs\ProfileNew\app\Views\layout\content.php(4): view('product/edit')
#5 D:\Web\htdocs\ProfileNew\system\View\View.php(214): include('D:\\Web\\htdocs\\P...')
#6 D:\Web\htdocs\ProfileNew\system\View\View.php(217): CodeIgniter\View\View->CodeIgniter\View\{closure}()
#7 D:\Web\htdocs\ProfileNew\system\Common.php(1097): CodeIgniter\View\View->render('layout/content....', Array, true)
#8 D:\Web\htdocs\ProfileNew\app\Views\layout\wrapper.php(5): view('layout/content....')
#9 D:\Web\htdocs\ProfileNew\system\View\View.php(214): include('D:\\Web\\htdocs\\P...')
#10 D:\Web\htdocs\ProfileNew\system\View\View.php(217): CodeIgniter\View\View->CodeIgniter\View\{closure}()
#11 D:\Web\htdocs\ProfileNew\system\Common.php(1097): CodeIgniter\View\View->render('layout/wrapper', Array, true)
#12 D:\Web\htdocs\ProfileNew\app\Controllers\Product.php(50): view('layout/wrapper', Array)
#13 D:\Web\htdocs\ProfileNew\system\CodeIgniter.php(824): App\Controllers\Product->edit('dist', 'img', 'user3-128x128.j...')
#14 D:\Web\htdocs\ProfileNew\system\CodeIgniter.php(410): CodeIgniter\CodeIgniter->runController(Object(App\Controllers\Product))
#15 D:\Web\htdocs\ProfileNew\system\CodeIgniter.php(318): CodeIgniter\CodeIgniter->handleRequest(NULL, Object(Config\Cache), false)
#16 D:\Web\htdocs\ProfileNew\public\index.php(37): CodeIgniter\CodeIgniter->run()
#17 {main}
CRITICAL - 2022-01-03 22:55:23 --> Trying to access array offset on value of type null
#0 D:\Web\htdocs\ProfileNew\app\Views\product\edit.php(7): CodeIgniter\Debug\Exceptions->errorHandler(2, 'Trying to acces...', 'D:\\Web\\htdocs\\P...', 7)
#1 D:\Web\htdocs\ProfileNew\system\View\View.php(214): include('D:\\Web\\htdocs\\P...')
#2 D:\Web\htdocs\ProfileNew\system\View\View.php(217): CodeIgniter\View\View->CodeIgniter\View\{closure}()
#3 D:\Web\htdocs\ProfileNew\system\Common.php(1097): CodeIgniter\View\View->render('product/edit', Array, true)
#4 D:\Web\htdocs\ProfileNew\app\Views\layout\content.php(4): view('product/edit')
#5 D:\Web\htdocs\ProfileNew\system\View\View.php(214): include('D:\\Web\\htdocs\\P...')
#6 D:\Web\htdocs\ProfileNew\system\View\View.php(217): CodeIgniter\View\View->CodeIgniter\View\{closure}()
#7 D:\Web\htdocs\ProfileNew\system\Common.php(1097): CodeIgniter\View\View->render('layout/content....', Array, true)
#8 D:\Web\htdocs\ProfileNew\app\Views\layout\wrapper.php(5): view('layout/content....')
#9 D:\Web\htdocs\ProfileNew\system\View\View.php(214): include('D:\\Web\\htdocs\\P...')
#10 D:\Web\htdocs\ProfileNew\system\View\View.php(217): CodeIgniter\View\View->CodeIgniter\View\{closure}()
#11 D:\Web\htdocs\ProfileNew\system\Common.php(1097): CodeIgniter\View\View->render('layout/wrapper', Array, true)
#12 D:\Web\htdocs\ProfileNew\app\Controllers\Product.php(50): view('layout/wrapper', Array)
#13 D:\Web\htdocs\ProfileNew\system\CodeIgniter.php(824): App\Controllers\Product->edit('dist', 'img', 'user1-128x128.j...')
#14 D:\Web\htdocs\ProfileNew\system\CodeIgniter.php(410): CodeIgniter\CodeIgniter->runController(Object(App\Controllers\Product))
#15 D:\Web\htdocs\ProfileNew\system\CodeIgniter.php(318): CodeIgniter\CodeIgniter->handleRequest(NULL, Object(Config\Cache), false)
#16 D:\Web\htdocs\ProfileNew\public\index.php(37): CodeIgniter\CodeIgniter->run()
#17 {main}
CRITICAL - 2022-01-03 22:55:23 --> Trying to access array offset on value of type null
#0 D:\Web\htdocs\ProfileNew\app\Views\product\edit.php(7): CodeIgniter\Debug\Exceptions->errorHandler(2, 'Trying to acces...', 'D:\\Web\\htdocs\\P...', 7)
#1 D:\Web\htdocs\ProfileNew\system\View\View.php(214): include('D:\\Web\\htdocs\\P...')
#2 D:\Web\htdocs\ProfileNew\system\View\View.php(217): CodeIgniter\View\View->CodeIgniter\View\{closure}()
#3 D:\Web\htdocs\ProfileNew\system\Common.php(1097): CodeIgniter\View\View->render('product/edit', Array, true)
#4 D:\Web\htdocs\ProfileNew\app\Views\layout\content.php(4): view('product/edit')
#5 D:\Web\htdocs\ProfileNew\system\View\View.php(214): include('D:\\Web\\htdocs\\P...')
#6 D:\Web\htdocs\ProfileNew\system\View\View.php(217): CodeIgniter\View\View->CodeIgniter\View\{closure}()
#7 D:\Web\htdocs\ProfileNew\system\Common.php(1097): CodeIgniter\View\View->render('layout/content....', Array, true)
#8 D:\Web\htdocs\ProfileNew\app\Views\layout\wrapper.php(5): view('layout/content....')
#9 D:\Web\htdocs\ProfileNew\system\View\View.php(214): include('D:\\Web\\htdocs\\P...')
#10 D:\Web\htdocs\ProfileNew\system\View\View.php(217): CodeIgniter\View\View->CodeIgniter\View\{closure}()
#11 D:\Web\htdocs\ProfileNew\system\Common.php(1097): CodeIgniter\View\View->render('layout/wrapper', Array, true)
#12 D:\Web\htdocs\ProfileNew\app\Controllers\Product.php(50): view('layout/wrapper', Array)
#13 D:\Web\htdocs\ProfileNew\system\CodeIgniter.php(824): App\Controllers\Product->edit('dist', 'img', 'user8-128x128.j...')
#14 D:\Web\htdocs\ProfileNew\system\CodeIgniter.php(410): CodeIgniter\CodeIgniter->runController(Object(App\Controllers\Product))
#15 D:\Web\htdocs\ProfileNew\system\CodeIgniter.php(318): CodeIgniter\CodeIgniter->handleRequest(NULL, Object(Config\Cache), false)
#16 D:\Web\htdocs\ProfileNew\public\index.php(37): CodeIgniter\CodeIgniter->run()
#17 {main}
CRITICAL - 2022-01-03 22:55:23 --> Trying to access array offset on value of type null
#0 D:\Web\htdocs\ProfileNew\app\Views\product\edit.php(7): CodeIgniter\Debug\Exceptions->errorHandler(2, 'Trying to acces...', 'D:\\Web\\htdocs\\P...', 7)
#1 D:\Web\htdocs\ProfileNew\system\View\View.php(214): include('D:\\Web\\htdocs\\P...')
#2 D:\Web\htdocs\ProfileNew\system\View\View.php(217): CodeIgniter\View\View->CodeIgniter\View\{closure}()
#3 D:\Web\htdocs\ProfileNew\system\Common.php(1097): CodeIgniter\View\View->render('product/edit', Array, true)
#4 D:\Web\htdocs\ProfileNew\app\Views\layout\content.php(4): view('product/edit')
#5 D:\Web\htdocs\ProfileNew\system\View\View.php(214): include('D:\\Web\\htdocs\\P...')
#6 D:\Web\htdocs\ProfileNew\system\View\View.php(217): CodeIgniter\View\View->CodeIgniter\View\{closure}()
#7 D:\Web\htdocs\ProfileNew\system\Common.php(1097): CodeIgniter\View\View->render('layout/content....', Array, true)
#8 D:\Web\htdocs\ProfileNew\app\Views\layout\wrapper.php(5): view('layout/content....')
#9 D:\Web\htdocs\ProfileNew\system\View\View.php(214): include('D:\\Web\\htdocs\\P...')
#10 D:\Web\htdocs\ProfileNew\system\View\View.php(217): CodeIgniter\View\View->CodeIgniter\View\{closure}()
#11 D:\Web\htdocs\ProfileNew\system\Common.php(1097): CodeIgniter\View\View->render('layout/wrapper', Array, true)
#12 D:\Web\htdocs\ProfileNew\app\Controllers\Product.php(50): view('layout/wrapper', Array)
#13 D:\Web\htdocs\ProfileNew\system\CodeIgniter.php(824): App\Controllers\Product->edit('dist', 'img', 'user3-128x128.j...')
#14 D:\Web\htdocs\ProfileNew\system\CodeIgniter.php(410): CodeIgniter\CodeIgniter->runController(Object(App\Controllers\Product))
#15 D:\Web\htdocs\ProfileNew\system\CodeIgniter.php(318): CodeIgniter\CodeIgniter->handleRequest(NULL, Object(Config\Cache), false)
#16 D:\Web\htdocs\ProfileNew\public\index.php(37): CodeIgniter\CodeIgniter->run()
#17 {main}
CRITICAL - 2022-01-03 22:55:47 --> Trying to access array offset on value of type null
#0 D:\Web\htdocs\ProfileNew\app\Views\product\edit.php(7): CodeIgniter\Debug\Exceptions->errorHandler(2, 'Trying to acces...', 'D:\\Web\\htdocs\\P...', 7)
#1 D:\Web\htdocs\ProfileNew\system\View\View.php(214): include('D:\\Web\\htdocs\\P...')
#2 D:\Web\htdocs\ProfileNew\system\View\View.php(217): CodeIgniter\View\View->CodeIgniter\View\{closure}()
#3 D:\Web\htdocs\ProfileNew\system\Common.php(1097): CodeIgniter\View\View->render('product/edit', Array, true)
#4 D:\Web\htdocs\ProfileNew\app\Views\layout\content.php(4): view('product/edit')
#5 D:\Web\htdocs\ProfileNew\system\View\View.php(214): include('D:\\Web\\htdocs\\P...')
#6 D:\Web\htdocs\ProfileNew\system\View\View.php(217): CodeIgniter\View\View->CodeIgniter\View\{closure}()
#7 D:\Web\htdocs\ProfileNew\system\Common.php(1097): CodeIgniter\View\View->render('layout/content....', Array, true)
#8 D:\Web\htdocs\ProfileNew\app\Views\layout\wrapper.php(5): view('layout/content....')
#9 D:\Web\htdocs\ProfileNew\system\View\View.php(214): include('D:\\Web\\htdocs\\P...')
#10 D:\Web\htdocs\ProfileNew\system\View\View.php(217): CodeIgniter\View\View->CodeIgniter\View\{closure}()
#11 D:\Web\htdocs\ProfileNew\system\Common.php(1097): CodeIgniter\View\View->render('layout/wrapper', Array, true)
#12 D:\Web\htdocs\ProfileNew\app\Controllers\Product.php(50): view('layout/wrapper', Array)
#13 D:\Web\htdocs\ProfileNew\system\CodeIgniter.php(824): App\Controllers\Product->edit('dist', 'img', 'user1-128x128.j...')
#14 D:\Web\htdocs\ProfileNew\system\CodeIgniter.php(410): CodeIgniter\CodeIgniter->runController(Object(App\Controllers\Product))
#15 D:\Web\htdocs\ProfileNew\system\CodeIgniter.php(318): CodeIgniter\CodeIgniter->handleRequest(NULL, Object(Config\Cache), false)
#16 D:\Web\htdocs\ProfileNew\public\index.php(37): CodeIgniter\CodeIgniter->run()
#17 {main}
CRITICAL - 2022-01-03 22:55:47 --> Trying to access array offset on value of type null
#0 D:\Web\htdocs\ProfileNew\app\Views\product\edit.php(7): CodeIgniter\Debug\Exceptions->errorHandler(2, 'Trying to acces...', 'D:\\Web\\htdocs\\P...', 7)
#1 D:\Web\htdocs\ProfileNew\system\View\View.php(214): include('D:\\Web\\htdocs\\P...')
#2 D:\Web\htdocs\ProfileNew\system\View\View.php(217): CodeIgniter\View\View->CodeIgniter\View\{closure}()
#3 D:\Web\htdocs\ProfileNew\system\Common.php(1097): CodeIgniter\View\View->render('product/edit', Array, true)
#4 D:\Web\htdocs\ProfileNew\app\Views\layout\content.php(4): view('product/edit')
#5 D:\Web\htdocs\ProfileNew\system\View\View.php(214): include('D:\\Web\\htdocs\\P...')
#6 D:\Web\htdocs\ProfileNew\system\View\View.php(217): CodeIgniter\View\View->CodeIgniter\View\{closure}()
#7 D:\Web\htdocs\ProfileNew\system\Common.php(1097): CodeIgniter\View\View->render('layout/content....', Array, true)
#8 D:\Web\htdocs\ProfileNew\app\Views\layout\wrapper.php(5): view('layout/content....')
#9 D:\Web\htdocs\ProfileNew\system\View\View.php(214): include('D:\\Web\\htdocs\\P...')
#10 D:\Web\htdocs\ProfileNew\system\View\View.php(217): CodeIgniter\View\View->CodeIgniter\View\{closure}()
#11 D:\Web\htdocs\ProfileNew\system\Common.php(1097): CodeIgniter\View\View->render('layout/wrapper', Array, true)
#12 D:\Web\htdocs\ProfileNew\app\Controllers\Product.php(50): view('layout/wrapper', Array)
#13 D:\Web\htdocs\ProfileNew\system\CodeIgniter.php(824): App\Controllers\Product->edit('dist', 'img', 'user8-128x128.j...')
#14 D:\Web\htdocs\ProfileNew\system\CodeIgniter.php(410): CodeIgniter\CodeIgniter->runController(Object(App\Controllers\Product))
#15 D:\Web\htdocs\ProfileNew\system\CodeIgniter.php(318): CodeIgniter\CodeIgniter->handleRequest(NULL, Object(Config\Cache), false)
#16 D:\Web\htdocs\ProfileNew\public\index.php(37): CodeIgniter\CodeIgniter->run()
#17 {main}
CRITICAL - 2022-01-03 22:55:47 --> Trying to access array offset on value of type null
#0 D:\Web\htdocs\ProfileNew\app\Views\product\edit.php(7): CodeIgniter\Debug\Exceptions->errorHandler(2, 'Trying to acces...', 'D:\\Web\\htdocs\\P...', 7)
#1 D:\Web\htdocs\ProfileNew\system\View\View.php(214): include('D:\\Web\\htdocs\\P...')
#2 D:\Web\htdocs\ProfileNew\system\View\View.php(217): CodeIgniter\View\View->CodeIgniter\View\{closure}()
#3 D:\Web\htdocs\ProfileNew\system\Common.php(1097): CodeIgniter\View\View->render('product/edit', Array, true)
#4 D:\Web\htdocs\ProfileNew\app\Views\layout\content.php(4): view('product/edit')
#5 D:\Web\htdocs\ProfileNew\system\View\View.php(214): include('D:\\Web\\htdocs\\P...')
#6 D:\Web\htdocs\ProfileNew\system\View\View.php(217): CodeIgniter\View\View->CodeIgniter\View\{closure}()
#7 D:\Web\htdocs\ProfileNew\system\Common.php(1097): CodeIgniter\View\View->render('layout/content....', Array, true)
#8 D:\Web\htdocs\ProfileNew\app\Views\layout\wrapper.php(5): view('layout/content....')
#9 D:\Web\htdocs\ProfileNew\system\View\View.php(214): include('D:\\Web\\htdocs\\P...')
#10 D:\Web\htdocs\ProfileNew\system\View\View.php(217): CodeIgniter\View\View->CodeIgniter\View\{closure}()
#11 D:\Web\htdocs\ProfileNew\system\Common.php(1097): CodeIgniter\View\View->render('layout/wrapper', Array, true)
#12 D:\Web\htdocs\ProfileNew\app\Controllers\Product.php(50): view('layout/wrapper', Array)
#13 D:\Web\htdocs\ProfileNew\system\CodeIgniter.php(824): App\Controllers\Product->edit('dist', 'img', 'user3-128x128.j...')
#14 D:\Web\htdocs\ProfileNew\system\CodeIgniter.php(410): CodeIgniter\CodeIgniter->runController(Object(App\Controllers\Product))
#15 D:\Web\htdocs\ProfileNew\system\CodeIgniter.php(318): CodeIgniter\CodeIgniter->handleRequest(NULL, Object(Config\Cache), false)
#16 D:\Web\htdocs\ProfileNew\public\index.php(37): CodeIgniter\CodeIgniter->run()
#17 {main}
CRITICAL - 2022-01-03 22:56:24 --> Trying to access array offset on value of type null
#0 D:\Web\htdocs\ProfileNew\app\Views\product\edit.php(7): CodeIgniter\Debug\Exceptions->errorHandler(2, 'Trying to acces...', 'D:\\Web\\htdocs\\P...', 7)
#1 D:\Web\htdocs\ProfileNew\system\View\View.php(214): include('D:\\Web\\htdocs\\P...')
#2 D:\Web\htdocs\ProfileNew\system\View\View.php(217): CodeIgniter\View\View->CodeIgniter\View\{closure}()
#3 D:\Web\htdocs\ProfileNew\system\Common.php(1097): CodeIgniter\View\View->render('product/edit', Array, true)
#4 D:\Web\htdocs\ProfileNew\app\Views\layout\content.php(4): view('product/edit')
#5 D:\Web\htdocs\ProfileNew\system\View\View.php(214): include('D:\\Web\\htdocs\\P...')
#6 D:\Web\htdocs\ProfileNew\system\View\View.php(217): CodeIgniter\View\View->CodeIgniter\View\{closure}()
#7 D:\Web\htdocs\ProfileNew\system\Common.php(1097): CodeIgniter\View\View->render('layout/content....', Array, true)
#8 D:\Web\htdocs\ProfileNew\app\Views\layout\wrapper.php(5): view('layout/content....')
#9 D:\Web\htdocs\ProfileNew\system\View\View.php(214): include('D:\\Web\\htdocs\\P...')
#10 D:\Web\htdocs\ProfileNew\system\View\View.php(217): CodeIgniter\View\View->CodeIgniter\View\{closure}()
#11 D:\Web\htdocs\ProfileNew\system\Common.php(1097): CodeIgniter\View\View->render('layout/wrapper', Array, true)
#12 D:\Web\htdocs\ProfileNew\app\Controllers\Product.php(50): view('layout/wrapper', Array)
#13 D:\Web\htdocs\ProfileNew\system\CodeIgniter.php(824): App\Controllers\Product->edit('dist', 'img', 'user1-128x128.j...')
#14 D:\Web\htdocs\ProfileNew\system\CodeIgniter.php(410): CodeIgniter\CodeIgniter->runController(Object(App\Controllers\Product))
#15 D:\Web\htdocs\ProfileNew\system\CodeIgniter.php(318): CodeIgniter\CodeIgniter->handleRequest(NULL, Object(Config\Cache), false)
#16 D:\Web\htdocs\ProfileNew\public\index.php(37): CodeIgniter\CodeIgniter->run()
#17 {main}
CRITICAL - 2022-01-03 22:56:24 --> Trying to access array offset on value of type null
#0 D:\Web\htdocs\ProfileNew\app\Views\product\edit.php(7): CodeIgniter\Debug\Exceptions->errorHandler(2, 'Trying to acces...', 'D:\\Web\\htdocs\\P...', 7)
#1 D:\Web\htdocs\ProfileNew\system\View\View.php(214): include('D:\\Web\\htdocs\\P...')
#2 D:\Web\htdocs\ProfileNew\system\View\View.php(217): CodeIgniter\View\View->CodeIgniter\View\{closure}()
#3 D:\Web\htdocs\ProfileNew\system\Common.php(1097): CodeIgniter\View\View->render('product/edit', Array, true)
#4 D:\Web\htdocs\ProfileNew\app\Views\layout\content.php(4): view('product/edit')
#5 D:\Web\htdocs\ProfileNew\system\View\View.php(214): include('D:\\Web\\htdocs\\P...')
#6 D:\Web\htdocs\ProfileNew\system\View\View.php(217): CodeIgniter\View\View->CodeIgniter\View\{closure}()
#7 D:\Web\htdocs\ProfileNew\system\Common.php(1097): CodeIgniter\View\View->render('layout/content....', Array, true)
#8 D:\Web\htdocs\ProfileNew\app\Views\layout\wrapper.php(5): view('layout/content....')
#9 D:\Web\htdocs\ProfileNew\system\View\View.php(214): include('D:\\Web\\htdocs\\P...')
#10 D:\Web\htdocs\ProfileNew\system\View\View.php(217): CodeIgniter\View\View->CodeIgniter\View\{closure}()
#11 D:\Web\htdocs\ProfileNew\system\Common.php(1097): CodeIgniter\View\View->render('layout/wrapper', Array, true)
#12 D:\Web\htdocs\ProfileNew\app\Controllers\Product.php(50): view('layout/wrapper', Array)
#13 D:\Web\htdocs\ProfileNew\system\CodeIgniter.php(824): App\Controllers\Product->edit('dist', 'img', 'user8-128x128.j...')
#14 D:\Web\htdocs\ProfileNew\system\CodeIgniter.php(410): CodeIgniter\CodeIgniter->runController(Object(App\Controllers\Product))
#15 D:\Web\htdocs\ProfileNew\system\CodeIgniter.php(318): CodeIgniter\CodeIgniter->handleRequest(NULL, Object(Config\Cache), false)
#16 D:\Web\htdocs\ProfileNew\public\index.php(37): CodeIgniter\CodeIgniter->run()
#17 {main}
CRITICAL - 2022-01-03 22:56:24 --> Trying to access array offset on value of type null
#0 D:\Web\htdocs\ProfileNew\app\Views\product\edit.php(7): CodeIgniter\Debug\Exceptions->errorHandler(2, 'Trying to acces...', 'D:\\Web\\htdocs\\P...', 7)
#1 D:\Web\htdocs\ProfileNew\system\View\View.php(214): include('D:\\Web\\htdocs\\P...')
#2 D:\Web\htdocs\ProfileNew\system\View\View.php(217): CodeIgniter\View\View->CodeIgniter\View\{closure}()
#3 D:\Web\htdocs\ProfileNew\system\Common.php(1097): CodeIgniter\View\View->render('product/edit', Array, true)
#4 D:\Web\htdocs\ProfileNew\app\Views\layout\content.php(4): view('product/edit')
#5 D:\Web\htdocs\ProfileNew\system\View\View.php(214): include('D:\\Web\\htdocs\\P...')
#6 D:\Web\htdocs\ProfileNew\system\View\View.php(217): CodeIgniter\View\View->CodeIgniter\View\{closure}()
#7 D:\Web\htdocs\ProfileNew\system\Common.php(1097): CodeIgniter\View\View->render('layout/content....', Array, true)
#8 D:\Web\htdocs\ProfileNew\app\Views\layout\wrapper.php(5): view('layout/content....')
#9 D:\Web\htdocs\ProfileNew\system\View\View.php(214): include('D:\\Web\\htdocs\\P...')
#10 D:\Web\htdocs\ProfileNew\system\View\View.php(217): CodeIgniter\View\View->CodeIgniter\View\{closure}()
#11 D:\Web\htdocs\ProfileNew\system\Common.php(1097): CodeIgniter\View\View->render('layout/wrapper', Array, true)
#12 D:\Web\htdocs\ProfileNew\app\Controllers\Product.php(50): view('layout/wrapper', Array)
#13 D:\Web\htdocs\ProfileNew\system\CodeIgniter.php(824): App\Controllers\Product->edit('dist', 'img', 'user3-128x128.j...')
#14 D:\Web\htdocs\ProfileNew\system\CodeIgniter.php(410): CodeIgniter\CodeIgniter->runController(Object(App\Controllers\Product))
#15 D:\Web\htdocs\ProfileNew\system\CodeIgniter.php(318): CodeIgniter\CodeIgniter->handleRequest(NULL, Object(Config\Cache), false)
#16 D:\Web\htdocs\ProfileNew\public\index.php(37): CodeIgniter\CodeIgniter->run()
#17 {main}
CRITICAL - 2022-01-03 22:56:56 --> Trying to access array offset on value of type null
#0 D:\Web\htdocs\ProfileNew\app\Views\product\edit.php(7): CodeIgniter\Debug\Exceptions->errorHandler(2, 'Trying to acces...', 'D:\\Web\\htdocs\\P...', 7)
#1 D:\Web\htdocs\ProfileNew\system\View\View.php(214): include('D:\\Web\\htdocs\\P...')
#2 D:\Web\htdocs\ProfileNew\system\View\View.php(217): CodeIgniter\View\View->CodeIgniter\View\{closure}()
#3 D:\Web\htdocs\ProfileNew\system\Common.php(1097): CodeIgniter\View\View->render('product/edit', Array, true)
#4 D:\Web\htdocs\ProfileNew\app\Views\layout\content.php(4): view('product/edit')
#5 D:\Web\htdocs\ProfileNew\system\View\View.php(214): include('D:\\Web\\htdocs\\P...')
#6 D:\Web\htdocs\ProfileNew\system\View\View.php(217): CodeIgniter\View\View->CodeIgniter\View\{closure}()
#7 D:\Web\htdocs\ProfileNew\system\Common.php(1097): CodeIgniter\View\View->render('layout/content....', Array, true)
#8 D:\Web\htdocs\ProfileNew\app\Views\layout\wrapper.php(5): view('layout/content....')
#9 D:\Web\htdocs\ProfileNew\system\View\View.php(214): include('D:\\Web\\htdocs\\P...')
#10 D:\Web\htdocs\ProfileNew\system\View\View.php(217): CodeIgniter\View\View->CodeIgniter\View\{closure}()
#11 D:\Web\htdocs\ProfileNew\system\Common.php(1097): CodeIgniter\View\View->render('layout/wrapper', Array, true)
#12 D:\Web\htdocs\ProfileNew\app\Controllers\Product.php(50): view('layout/wrapper', Array)
#13 D:\Web\htdocs\ProfileNew\system\CodeIgniter.php(824): App\Controllers\Product->edit('dist', 'img', 'user1-128x128.j...')
#14 D:\Web\htdocs\ProfileNew\system\CodeIgniter.php(410): CodeIgniter\CodeIgniter->runController(Object(App\Controllers\Product))
#15 D:\Web\htdocs\ProfileNew\system\CodeIgniter.php(318): CodeIgniter\CodeIgniter->handleRequest(NULL, Object(Config\Cache), false)
#16 D:\Web\htdocs\ProfileNew\public\index.php(37): CodeIgniter\CodeIgniter->run()
#17 {main}
CRITICAL - 2022-01-03 22:56:56 --> Trying to access array offset on value of type null
#0 D:\Web\htdocs\ProfileNew\app\Views\product\edit.php(7): CodeIgniter\Debug\Exceptions->errorHandler(2, 'Trying to acces...', 'D:\\Web\\htdocs\\P...', 7)
#1 D:\Web\htdocs\ProfileNew\system\View\View.php(214): include('D:\\Web\\htdocs\\P...')
#2 D:\Web\htdocs\ProfileNew\system\View\View.php(217): CodeIgniter\View\View->CodeIgniter\View\{closure}()
#3 D:\Web\htdocs\ProfileNew\system\Common.php(1097): CodeIgniter\View\View->render('product/edit', Array, true)
#4 D:\Web\htdocs\ProfileNew\app\Views\layout\content.php(4): view('product/edit')
#5 D:\Web\htdocs\ProfileNew\system\View\View.php(214): include('D:\\Web\\htdocs\\P...')
#6 D:\Web\htdocs\ProfileNew\system\View\View.php(217): CodeIgniter\View\View->CodeIgniter\View\{closure}()
#7 D:\Web\htdocs\ProfileNew\system\Common.php(1097): CodeIgniter\View\View->render('layout/content....', Array, true)
#8 D:\Web\htdocs\ProfileNew\app\Views\layout\wrapper.php(5): view('layout/content....')
#9 D:\Web\htdocs\ProfileNew\system\View\View.php(214): include('D:\\Web\\htdocs\\P...')
#10 D:\Web\htdocs\ProfileNew\system\View\View.php(217): CodeIgniter\View\View->CodeIgniter\View\{closure}()
#11 D:\Web\htdocs\ProfileNew\system\Common.php(1097): CodeIgniter\View\View->render('layout/wrapper', Array, true)
#12 D:\Web\htdocs\ProfileNew\app\Controllers\Product.php(50): view('layout/wrapper', Array)
#13 D:\Web\htdocs\ProfileNew\system\CodeIgniter.php(824): App\Controllers\Product->edit('dist', 'img', 'user8-128x128.j...')
#14 D:\Web\htdocs\ProfileNew\system\CodeIgniter.php(410): CodeIgniter\CodeIgniter->runController(Object(App\Controllers\Product))
#15 D:\Web\htdocs\ProfileNew\system\CodeIgniter.php(318): CodeIgniter\CodeIgniter->handleRequest(NULL, Object(Config\Cache), false)
#16 D:\Web\htdocs\ProfileNew\public\index.php(37): CodeIgniter\CodeIgniter->run()
#17 {main}
CRITICAL - 2022-01-03 22:56:56 --> Trying to access array offset on value of type null
#0 D:\Web\htdocs\ProfileNew\app\Views\product\edit.php(7): CodeIgniter\Debug\Exceptions->errorHandler(2, 'Trying to acces...', 'D:\\Web\\htdocs\\P...', 7)
#1 D:\Web\htdocs\ProfileNew\system\View\View.php(214): include('D:\\Web\\htdocs\\P...')
#2 D:\Web\htdocs\ProfileNew\system\View\View.php(217): CodeIgniter\View\View->CodeIgniter\View\{closure}()
#3 D:\Web\htdocs\ProfileNew\system\Common.php(1097): CodeIgniter\View\View->render('product/edit', Array, true)
#4 D:\Web\htdocs\ProfileNew\app\Views\layout\content.php(4): view('product/edit')
#5 D:\Web\htdocs\ProfileNew\system\View\View.php(214): include('D:\\Web\\htdocs\\P...')
#6 D:\Web\htdocs\ProfileNew\system\View\View.php(217): CodeIgniter\View\View->CodeIgniter\View\{closure}()
#7 D:\Web\htdocs\ProfileNew\system\Common.php(1097): CodeIgniter\View\View->render('layout/content....', Array, true)
#8 D:\Web\htdocs\ProfileNew\app\Views\layout\wrapper.php(5): view('layout/content....')
#9 D:\Web\htdocs\ProfileNew\system\View\View.php(214): include('D:\\Web\\htdocs\\P...')
#10 D:\Web\htdocs\ProfileNew\system\View\View.php(217): CodeIgniter\View\View->CodeIgniter\View\{closure}()
#11 D:\Web\htdocs\ProfileNew\system\Common.php(1097): CodeIgniter\View\View->render('layout/wrapper', Array, true)
#12 D:\Web\htdocs\ProfileNew\app\Controllers\Product.php(50): view('layout/wrapper', Array)
#13 D:\Web\htdocs\ProfileNew\system\CodeIgniter.php(824): App\Controllers\Product->edit('dist', 'img', 'user3-128x128.j...')
#14 D:\Web\htdocs\ProfileNew\system\CodeIgniter.php(410): CodeIgniter\CodeIgniter->runController(Object(App\Controllers\Product))
#15 D:\Web\htdocs\ProfileNew\system\CodeIgniter.php(318): CodeIgniter\CodeIgniter->handleRequest(NULL, Object(Config\Cache), false)
#16 D:\Web\htdocs\ProfileNew\public\index.php(37): CodeIgniter\CodeIgniter->run()
#17 {main}
CRITICAL - 2022-01-03 22:57:49 --> Trying to access array offset on value of type null
#0 D:\Web\htdocs\ProfileNew\app\Views\product\edit.php(7): CodeIgniter\Debug\Exceptions->errorHandler(2, 'Trying to acces...', 'D:\\Web\\htdocs\\P...', 7)
#1 D:\Web\htdocs\ProfileNew\system\View\View.php(214): include('D:\\Web\\htdocs\\P...')
#2 D:\Web\htdocs\ProfileNew\system\View\View.php(217): CodeIgniter\View\View->CodeIgniter\View\{closure}()
#3 D:\Web\htdocs\ProfileNew\system\Common.php(1097): CodeIgniter\View\View->render('product/edit', Array, true)
#4 D:\Web\htdocs\ProfileNew\app\Views\layout\content.php(4): view('product/edit')
#5 D:\Web\htdocs\ProfileNew\system\View\View.php(214): include('D:\\Web\\htdocs\\P...')
#6 D:\Web\htdocs\ProfileNew\system\View\View.php(217): CodeIgniter\View\View->CodeIgniter\View\{closure}()
#7 D:\Web\htdocs\ProfileNew\system\Common.php(1097): CodeIgniter\View\View->render('layout/content....', Array, true)
#8 D:\Web\htdocs\ProfileNew\app\Views\layout\wrapper.php(5): view('layout/content....')
#9 D:\Web\htdocs\ProfileNew\system\View\View.php(214): include('D:\\Web\\htdocs\\P...')
#10 D:\Web\htdocs\ProfileNew\system\View\View.php(217): CodeIgniter\View\View->CodeIgniter\View\{closure}()
#11 D:\Web\htdocs\ProfileNew\system\Common.php(1097): CodeIgniter\View\View->render('layout/wrapper', Array, true)
#12 D:\Web\htdocs\ProfileNew\app\Controllers\Product.php(50): view('layout/wrapper', Array)
#13 D:\Web\htdocs\ProfileNew\system\CodeIgniter.php(824): App\Controllers\Product->edit('dist', 'img', 'user1-128x128.j...')
#14 D:\Web\htdocs\ProfileNew\system\CodeIgniter.php(410): CodeIgniter\CodeIgniter->runController(Object(App\Controllers\Product))
#15 D:\Web\htdocs\ProfileNew\system\CodeIgniter.php(318): CodeIgniter\CodeIgniter->handleRequest(NULL, Object(Config\Cache), false)
#16 D:\Web\htdocs\ProfileNew\public\index.php(37): CodeIgniter\CodeIgniter->run()
#17 {main}
CRITICAL - 2022-01-03 22:57:49 --> Trying to access array offset on value of type null
#0 D:\Web\htdocs\ProfileNew\app\Views\product\edit.php(7): CodeIgniter\Debug\Exceptions->errorHandler(2, 'Trying to acces...', 'D:\\Web\\htdocs\\P...', 7)
#1 D:\Web\htdocs\ProfileNew\system\View\View.php(214): include('D:\\Web\\htdocs\\P...')
#2 D:\Web\htdocs\ProfileNew\system\View\View.php(217): CodeIgniter\View\View->CodeIgniter\View\{closure}()
#3 D:\Web\htdocs\ProfileNew\system\Common.php(1097): CodeIgniter\View\View->render('product/edit', Array, true)
#4 D:\Web\htdocs\ProfileNew\app\Views\layout\content.php(4): view('product/edit')
#5 D:\Web\htdocs\ProfileNew\system\View\View.php(214): include('D:\\Web\\htdocs\\P...')
#6 D:\Web\htdocs\ProfileNew\system\View\View.php(217): CodeIgniter\View\View->CodeIgniter\View\{closure}()
#7 D:\Web\htdocs\ProfileNew\system\Common.php(1097): CodeIgniter\View\View->render('layout/content....', Array, true)
#8 D:\Web\htdocs\ProfileNew\app\Views\layout\wrapper.php(5): view('layout/content....')
#9 D:\Web\htdocs\ProfileNew\system\View\View.php(214): include('D:\\Web\\htdocs\\P...')
#10 D:\Web\htdocs\ProfileNew\system\View\View.php(217): CodeIgniter\View\View->CodeIgniter\View\{closure}()
#11 D:\Web\htdocs\ProfileNew\system\Common.php(1097): CodeIgniter\View\View->render('layout/wrapper', Array, true)
#12 D:\Web\htdocs\ProfileNew\app\Controllers\Product.php(50): view('layout/wrapper', Array)
#13 D:\Web\htdocs\ProfileNew\system\CodeIgniter.php(824): App\Controllers\Product->edit('dist', 'img', 'user8-128x128.j...')
#14 D:\Web\htdocs\ProfileNew\system\CodeIgniter.php(410): CodeIgniter\CodeIgniter->runController(Object(App\Controllers\Product))
#15 D:\Web\htdocs\ProfileNew\system\CodeIgniter.php(318): CodeIgniter\CodeIgniter->handleRequest(NULL, Object(Config\Cache), false)
#16 D:\Web\htdocs\ProfileNew\public\index.php(37): CodeIgniter\CodeIgniter->run()
#17 {main}
CRITICAL - 2022-01-03 22:57:49 --> Trying to access array offset on value of type null
#0 D:\Web\htdocs\ProfileNew\app\Views\product\edit.php(7): CodeIgniter\Debug\Exceptions->errorHandler(2, 'Trying to acces...', 'D:\\Web\\htdocs\\P...', 7)
#1 D:\Web\htdocs\ProfileNew\system\View\View.php(214): include('D:\\Web\\htdocs\\P...')
#2 D:\Web\htdocs\ProfileNew\system\View\View.php(217): CodeIgniter\View\View->CodeIgniter\View\{closure}()
#3 D:\Web\htdocs\ProfileNew\system\Common.php(1097): CodeIgniter\View\View->render('product/edit', Array, true)
#4 D:\Web\htdocs\ProfileNew\app\Views\layout\content.php(4): view('product/edit')
#5 D:\Web\htdocs\ProfileNew\system\View\View.php(214): include('D:\\Web\\htdocs\\P...')
#6 D:\Web\htdocs\ProfileNew\system\View\View.php(217): CodeIgniter\View\View->CodeIgniter\View\{closure}()
#7 D:\Web\htdocs\ProfileNew\system\Common.php(1097): CodeIgniter\View\View->render('layout/content....', Array, true)
#8 D:\Web\htdocs\ProfileNew\app\Views\layout\wrapper.php(5): view('layout/content....')
#9 D:\Web\htdocs\ProfileNew\system\View\View.php(214): include('D:\\Web\\htdocs\\P...')
#10 D:\Web\htdocs\ProfileNew\system\View\View.php(217): CodeIgniter\View\View->CodeIgniter\View\{closure}()
#11 D:\Web\htdocs\ProfileNew\system\Common.php(1097): CodeIgniter\View\View->render('layout/wrapper', Array, true)
#12 D:\Web\htdocs\ProfileNew\app\Controllers\Product.php(50): view('layout/wrapper', Array)
#13 D:\Web\htdocs\ProfileNew\system\CodeIgniter.php(824): App\Controllers\Product->edit('dist', 'img', 'user3-128x128.j...')
#14 D:\Web\htdocs\ProfileNew\system\CodeIgniter.php(410): CodeIgniter\CodeIgniter->runController(Object(App\Controllers\Product))
#15 D:\Web\htdocs\ProfileNew\system\CodeIgniter.php(318): CodeIgniter\CodeIgniter->handleRequest(NULL, Object(Config\Cache), false)
#16 D:\Web\htdocs\ProfileNew\public\index.php(37): CodeIgniter\CodeIgniter->run()
#17 {main}
CRITICAL - 2022-01-03 22:57:56 --> Trying to access array offset on value of type null
#0 D:\Web\htdocs\ProfileNew\app\Views\product\edit.php(7): CodeIgniter\Debug\Exceptions->errorHandler(2, 'Trying to acces...', 'D:\\Web\\htdocs\\P...', 7)
#1 D:\Web\htdocs\ProfileNew\system\View\View.php(214): include('D:\\Web\\htdocs\\P...')
#2 D:\Web\htdocs\ProfileNew\system\View\View.php(217): CodeIgniter\View\View->CodeIgniter\View\{closure}()
#3 D:\Web\htdocs\ProfileNew\system\Common.php(1097): CodeIgniter\View\View->render('product/edit', Array, true)
#4 D:\Web\htdocs\ProfileNew\app\Views\layout\content.php(4): view('product/edit')
#5 D:\Web\htdocs\ProfileNew\system\View\View.php(214): include('D:\\Web\\htdocs\\P...')
#6 D:\Web\htdocs\ProfileNew\system\View\View.php(217): CodeIgniter\View\View->CodeIgniter\View\{closure}()
#7 D:\Web\htdocs\ProfileNew\system\Common.php(1097): CodeIgniter\View\View->render('layout/content....', Array, true)
#8 D:\Web\htdocs\ProfileNew\app\Views\layout\wrapper.php(5): view('layout/content....')
#9 D:\Web\htdocs\ProfileNew\system\View\View.php(214): include('D:\\Web\\htdocs\\P...')
#10 D:\Web\htdocs\ProfileNew\system\View\View.php(217): CodeIgniter\View\View->CodeIgniter\View\{closure}()
#11 D:\Web\htdocs\ProfileNew\system\Common.php(1097): CodeIgniter\View\View->render('layout/wrapper', Array, true)
#12 D:\Web\htdocs\ProfileNew\app\Controllers\Product.php(50): view('layout/wrapper', Array)
#13 D:\Web\htdocs\ProfileNew\system\CodeIgniter.php(824): App\Controllers\Product->edit('dist', 'img', 'user1-128x128.j...')
#14 D:\Web\htdocs\ProfileNew\system\CodeIgniter.php(410): CodeIgniter\CodeIgniter->runController(Object(App\Controllers\Product))
#15 D:\Web\htdocs\ProfileNew\system\CodeIgniter.php(318): CodeIgniter\CodeIgniter->handleRequest(NULL, Object(Config\Cache), false)
#16 D:\Web\htdocs\ProfileNew\public\index.php(37): CodeIgniter\CodeIgniter->run()
#17 {main}
CRITICAL - 2022-01-03 22:57:56 --> Trying to access array offset on value of type null
#0 D:\Web\htdocs\ProfileNew\app\Views\product\edit.php(7): CodeIgniter\Debug\Exceptions->errorHandler(2, 'Trying to acces...', 'D:\\Web\\htdocs\\P...', 7)
#1 D:\Web\htdocs\ProfileNew\system\View\View.php(214): include('D:\\Web\\htdocs\\P...')
#2 D:\Web\htdocs\ProfileNew\system\View\View.php(217): CodeIgniter\View\View->CodeIgniter\View\{closure}()
#3 D:\Web\htdocs\ProfileNew\system\Common.php(1097): CodeIgniter\View\View->render('product/edit', Array, true)
#4 D:\Web\htdocs\ProfileNew\app\Views\layout\content.php(4): view('product/edit')
#5 D:\Web\htdocs\ProfileNew\system\View\View.php(214): include('D:\\Web\\htdocs\\P...')
#6 D:\Web\htdocs\ProfileNew\system\View\View.php(217): CodeIgniter\View\View->CodeIgniter\View\{closure}()
#7 D:\Web\htdocs\ProfileNew\system\Common.php(1097): CodeIgniter\View\View->render('layout/content....', Array, true)
#8 D:\Web\htdocs\ProfileNew\app\Views\layout\wrapper.php(5): view('layout/content....')
#9 D:\Web\htdocs\ProfileNew\system\View\View.php(214): include('D:\\Web\\htdocs\\P...')
#10 D:\Web\htdocs\ProfileNew\system\View\View.php(217): CodeIgniter\View\View->CodeIgniter\View\{closure}()
#11 D:\Web\htdocs\ProfileNew\system\Common.php(1097): CodeIgniter\View\View->render('layout/wrapper', Array, true)
#12 D:\Web\htdocs\ProfileNew\app\Controllers\Product.php(50): view('layout/wrapper', Array)
#13 D:\Web\htdocs\ProfileNew\system\CodeIgniter.php(824): App\Controllers\Product->edit('dist', 'img', 'user8-128x128.j...')
#14 D:\Web\htdocs\ProfileNew\system\CodeIgniter.php(410): CodeIgniter\CodeIgniter->runController(Object(App\Controllers\Product))
#15 D:\Web\htdocs\ProfileNew\system\CodeIgniter.php(318): CodeIgniter\CodeIgniter->handleRequest(NULL, Object(Config\Cache), false)
#16 D:\Web\htdocs\ProfileNew\public\index.php(37): CodeIgniter\CodeIgniter->run()
#17 {main}
CRITICAL - 2022-01-03 22:57:56 --> Trying to access array offset on value of type null
#0 D:\Web\htdocs\ProfileNew\app\Views\product\edit.php(7): CodeIgniter\Debug\Exceptions->errorHandler(2, 'Trying to acces...', 'D:\\Web\\htdocs\\P...', 7)
#1 D:\Web\htdocs\ProfileNew\system\View\View.php(214): include('D:\\Web\\htdocs\\P...')
#2 D:\Web\htdocs\ProfileNew\system\View\View.php(217): CodeIgniter\View\View->CodeIgniter\View\{closure}()
#3 D:\Web\htdocs\ProfileNew\system\Common.php(1097): CodeIgniter\View\View->render('product/edit', Array, true)
#4 D:\Web\htdocs\ProfileNew\app\Views\layout\content.php(4): view('product/edit')
#5 D:\Web\htdocs\ProfileNew\system\View\View.php(214): include('D:\\Web\\htdocs\\P...')
#6 D:\Web\htdocs\ProfileNew\system\View\View.php(217): CodeIgniter\View\View->CodeIgniter\View\{closure}()
#7 D:\Web\htdocs\ProfileNew\system\Common.php(1097): CodeIgniter\View\View->render('layout/content....', Array, true)
#8 D:\Web\htdocs\ProfileNew\app\Views\layout\wrapper.php(5): view('layout/content....')
#9 D:\Web\htdocs\ProfileNew\system\View\View.php(214): include('D:\\Web\\htdocs\\P...')
#10 D:\Web\htdocs\ProfileNew\system\View\View.php(217): CodeIgniter\View\View->CodeIgniter\View\{closure}()
#11 D:\Web\htdocs\ProfileNew\system\Common.php(1097): CodeIgniter\View\View->render('layout/wrapper', Array, true)
#12 D:\Web\htdocs\ProfileNew\app\Controllers\Product.php(50): view('layout/wrapper', Array)
#13 D:\Web\htdocs\ProfileNew\system\CodeIgniter.php(824): App\Controllers\Product->edit('dist', 'img', 'user3-128x128.j...')
#14 D:\Web\htdocs\ProfileNew\system\CodeIgniter.php(410): CodeIgniter\CodeIgniter->runController(Object(App\Controllers\Product))
#15 D:\Web\htdocs\ProfileNew\system\CodeIgniter.php(318): CodeIgniter\CodeIgniter->handleRequest(NULL, Object(Config\Cache), false)
#16 D:\Web\htdocs\ProfileNew\public\index.php(37): CodeIgniter\CodeIgniter->run()
#17 {main}
CRITICAL - 2022-01-03 23:01:45 --> Trying to access array offset on value of type null
#0 D:\Web\htdocs\ProfileNew\app\Views\product\edit.php(7): CodeIgniter\Debug\Exceptions->errorHandler(2, 'Trying to acces...', 'D:\\Web\\htdocs\\P...', 7)
#1 D:\Web\htdocs\ProfileNew\system\View\View.php(214): include('D:\\Web\\htdocs\\P...')
#2 D:\Web\htdocs\ProfileNew\system\View\View.php(217): CodeIgniter\View\View->CodeIgniter\View\{closure}()
#3 D:\Web\htdocs\ProfileNew\system\Common.php(1097): CodeIgniter\View\View->render('product/edit', Array, true)
#4 D:\Web\htdocs\ProfileNew\app\Views\layout\content.php(4): view('product/edit')
#5 D:\Web\htdocs\ProfileNew\system\View\View.php(214): include('D:\\Web\\htdocs\\P...')
#6 D:\Web\htdocs\ProfileNew\system\View\View.php(217): CodeIgniter\View\View->CodeIgniter\View\{closure}()
#7 D:\Web\htdocs\ProfileNew\system\Common.php(1097): CodeIgniter\View\View->render('layout/content....', Array, true)
#8 D:\Web\htdocs\ProfileNew\app\Views\layout\wrapper.php(5): view('layout/content....')
#9 D:\Web\htdocs\ProfileNew\system\View\View.php(214): include('D:\\Web\\htdocs\\P...')
#10 D:\Web\htdocs\ProfileNew\system\View\View.php(217): CodeIgniter\View\View->CodeIgniter\View\{closure}()
#11 D:\Web\htdocs\ProfileNew\system\Common.php(1097): CodeIgniter\View\View->render('layout/wrapper', Array, true)
#12 D:\Web\htdocs\ProfileNew\app\Controllers\Product.php(50): view('layout/wrapper', Array)
#13 D:\Web\htdocs\ProfileNew\system\CodeIgniter.php(824): App\Controllers\Product->edit('dist', 'img', 'user1-128x128.j...')
#14 D:\Web\htdocs\ProfileNew\system\CodeIgniter.php(410): CodeIgniter\CodeIgniter->runController(Object(App\Controllers\Product))
#15 D:\Web\htdocs\ProfileNew\system\CodeIgniter.php(318): CodeIgniter\CodeIgniter->handleRequest(NULL, Object(Config\Cache), false)
#16 D:\Web\htdocs\ProfileNew\public\index.php(37): CodeIgniter\CodeIgniter->run()
#17 {main}
CRITICAL - 2022-01-03 23:01:45 --> Trying to access array offset on value of type null
#0 D:\Web\htdocs\ProfileNew\app\Views\product\edit.php(7): CodeIgniter\Debug\Exceptions->errorHandler(2, 'Trying to acces...', 'D:\\Web\\htdocs\\P...', 7)
#1 D:\Web\htdocs\ProfileNew\system\View\View.php(214): include('D:\\Web\\htdocs\\P...')
#2 D:\Web\htdocs\ProfileNew\system\View\View.php(217): CodeIgniter\View\View->CodeIgniter\View\{closure}()
#3 D:\Web\htdocs\ProfileNew\system\Common.php(1097): CodeIgniter\View\View->render('product/edit', Array, true)
#4 D:\Web\htdocs\ProfileNew\app\Views\layout\content.php(4): view('product/edit')
#5 D:\Web\htdocs\ProfileNew\system\View\View.php(214): include('D:\\Web\\htdocs\\P...')
#6 D:\Web\htdocs\ProfileNew\system\View\View.php(217): CodeIgniter\View\View->CodeIgniter\View\{closure}()
#7 D:\Web\htdocs\ProfileNew\system\Common.php(1097): CodeIgniter\View\View->render('layout/content....', Array, true)
#8 D:\Web\htdocs\ProfileNew\app\Views\layout\wrapper.php(5): view('layout/content....')
#9 D:\Web\htdocs\ProfileNew\system\View\View.php(214): include('D:\\Web\\htdocs\\P...')
#10 D:\Web\htdocs\ProfileNew\system\View\View.php(217): CodeIgniter\View\View->CodeIgniter\View\{closure}()
#11 D:\Web\htdocs\ProfileNew\system\Common.php(1097): CodeIgniter\View\View->render('layout/wrapper', Array, true)
#12 D:\Web\htdocs\ProfileNew\app\Controllers\Product.php(50): view('layout/wrapper', Array)
#13 D:\Web\htdocs\ProfileNew\system\CodeIgniter.php(824): App\Controllers\Product->edit('dist', 'img', 'user8-128x128.j...')
#14 D:\Web\htdocs\ProfileNew\system\CodeIgniter.php(410): CodeIgniter\CodeIgniter->runController(Object(App\Controllers\Product))
#15 D:\Web\htdocs\ProfileNew\system\CodeIgniter.php(318): CodeIgniter\CodeIgniter->handleRequest(NULL, Object(Config\Cache), false)
#16 D:\Web\htdocs\ProfileNew\public\index.php(37): CodeIgniter\CodeIgniter->run()
#17 {main}
CRITICAL - 2022-01-03 23:01:45 --> Trying to access array offset on value of type null
#0 D:\Web\htdocs\ProfileNew\app\Views\product\edit.php(7): CodeIgniter\Debug\Exceptions->errorHandler(2, 'Trying to acces...', 'D:\\Web\\htdocs\\P...', 7)
#1 D:\Web\htdocs\ProfileNew\system\View\View.php(214): include('D:\\Web\\htdocs\\P...')
#2 D:\Web\htdocs\ProfileNew\system\View\View.php(217): CodeIgniter\View\View->CodeIgniter\View\{closure}()
#3 D:\Web\htdocs\ProfileNew\system\Common.php(1097): CodeIgniter\View\View->render('product/edit', Array, true)
#4 D:\Web\htdocs\ProfileNew\app\Views\layout\content.php(4): view('product/edit')
#5 D:\Web\htdocs\ProfileNew\system\View\View.php(214): include('D:\\Web\\htdocs\\P...')
#6 D:\Web\htdocs\ProfileNew\system\View\View.php(217): CodeIgniter\View\View->CodeIgniter\View\{closure}()
#7 D:\Web\htdocs\ProfileNew\system\Common.php(1097): CodeIgniter\View\View->render('layout/content....', Array, true)
#8 D:\Web\htdocs\ProfileNew\app\Views\layout\wrapper.php(5): view('layout/content....')
#9 D:\Web\htdocs\ProfileNew\system\View\View.php(214): include('D:\\Web\\htdocs\\P...')
#10 D:\Web\htdocs\ProfileNew\system\View\View.php(217): CodeIgniter\View\View->CodeIgniter\View\{closure}()
#11 D:\Web\htdocs\ProfileNew\system\Common.php(1097): CodeIgniter\View\View->render('layout/wrapper', Array, true)
#12 D:\Web\htdocs\ProfileNew\app\Controllers\Product.php(50): view('layout/wrapper', Array)
#13 D:\Web\htdocs\ProfileNew\system\CodeIgniter.php(824): App\Controllers\Product->edit('dist', 'img', 'user3-128x128.j...')
#14 D:\Web\htdocs\ProfileNew\system\CodeIgniter.php(410): CodeIgniter\CodeIgniter->runController(Object(App\Controllers\Product))
#15 D:\Web\htdocs\ProfileNew\system\CodeIgniter.php(318): CodeIgniter\CodeIgniter->handleRequest(NULL, Object(Config\Cache), false)
#16 D:\Web\htdocs\ProfileNew\public\index.php(37): CodeIgniter\CodeIgniter->run()
#17 {main}
CRITICAL - 2022-01-03 23:02:15 --> Trying to access array offset on value of type null
#0 D:\Web\htdocs\ProfileNew\app\Views\product\edit.php(7): CodeIgniter\Debug\Exceptions->errorHandler(2, 'Trying to acces...', 'D:\\Web\\htdocs\\P...', 7)
#1 D:\Web\htdocs\ProfileNew\system\View\View.php(214): include('D:\\Web\\htdocs\\P...')
#2 D:\Web\htdocs\ProfileNew\system\View\View.php(217): CodeIgniter\View\View->CodeIgniter\View\{closure}()
#3 D:\Web\htdocs\ProfileNew\system\Common.php(1097): CodeIgniter\View\View->render('product/edit', Array, true)
#4 D:\Web\htdocs\ProfileNew\app\Views\layout\content.php(4): view('product/edit')
#5 D:\Web\htdocs\ProfileNew\system\View\View.php(214): include('D:\\Web\\htdocs\\P...')
#6 D:\Web\htdocs\ProfileNew\system\View\View.php(217): CodeIgniter\View\View->CodeIgniter\View\{closure}()
#7 D:\Web\htdocs\ProfileNew\system\Common.php(1097): CodeIgniter\View\View->render('layout/content....', Array, true)
#8 D:\Web\htdocs\ProfileNew\app\Views\layout\wrapper.php(5): view('layout/content....')
#9 D:\Web\htdocs\ProfileNew\system\View\View.php(214): include('D:\\Web\\htdocs\\P...')
#10 D:\Web\htdocs\ProfileNew\system\View\View.php(217): CodeIgniter\View\View->CodeIgniter\View\{closure}()
#11 D:\Web\htdocs\ProfileNew\system\Common.php(1097): CodeIgniter\View\View->render('layout/wrapper', Array, true)
#12 D:\Web\htdocs\ProfileNew\app\Controllers\Product.php(50): view('layout/wrapper', Array)
#13 D:\Web\htdocs\ProfileNew\system\CodeIgniter.php(824): App\Controllers\Product->edit('dist', 'img', 'user1-128x128.j...')
#14 D:\Web\htdocs\ProfileNew\system\CodeIgniter.php(410): CodeIgniter\CodeIgniter->runController(Object(App\Controllers\Product))
#15 D:\Web\htdocs\ProfileNew\system\CodeIgniter.php(318): CodeIgniter\CodeIgniter->handleRequest(NULL, Object(Config\Cache), false)
#16 D:\Web\htdocs\ProfileNew\public\index.php(37): CodeIgniter\CodeIgniter->run()
#17 {main}
CRITICAL - 2022-01-03 23:02:15 --> Trying to access array offset on value of type null
#0 D:\Web\htdocs\ProfileNew\app\Views\product\edit.php(7): CodeIgniter\Debug\Exceptions->errorHandler(2, 'Trying to acces...', 'D:\\Web\\htdocs\\P...', 7)
#1 D:\Web\htdocs\ProfileNew\system\View\View.php(214): include('D:\\Web\\htdocs\\P...')
#2 D:\Web\htdocs\ProfileNew\system\View\View.php(217): CodeIgniter\View\View->CodeIgniter\View\{closure}()
#3 D:\Web\htdocs\ProfileNew\system\Common.php(1097): CodeIgniter\View\View->render('product/edit', Array, true)
#4 D:\Web\htdocs\ProfileNew\app\Views\layout\content.php(4): view('product/edit')
#5 D:\Web\htdocs\ProfileNew\system\View\View.php(214): include('D:\\Web\\htdocs\\P...')
#6 D:\Web\htdocs\ProfileNew\system\View\View.php(217): CodeIgniter\View\View->CodeIgniter\View\{closure}()
#7 D:\Web\htdocs\ProfileNew\system\Common.php(1097): CodeIgniter\View\View->render('layout/content....', Array, true)
#8 D:\Web\htdocs\ProfileNew\app\Views\layout\wrapper.php(5): view('layout/content....')
#9 D:\Web\htdocs\ProfileNew\system\View\View.php(214): include('D:\\Web\\htdocs\\P...')
#10 D:\Web\htdocs\ProfileNew\system\View\View.php(217): CodeIgniter\View\View->CodeIgniter\View\{closure}()
#11 D:\Web\htdocs\ProfileNew\system\Common.php(1097): CodeIgniter\View\View->render('layout/wrapper', Array, true)
#12 D:\Web\htdocs\ProfileNew\app\Controllers\Product.php(50): view('layout/wrapper', Array)
#13 D:\Web\htdocs\ProfileNew\system\CodeIgniter.php(824): App\Controllers\Product->edit('dist', 'img', 'user8-128x128.j...')
#14 D:\Web\htdocs\ProfileNew\system\CodeIgniter.php(410): CodeIgniter\CodeIgniter->runController(Object(App\Controllers\Product))
#15 D:\Web\htdocs\ProfileNew\system\CodeIgniter.php(318): CodeIgniter\CodeIgniter->handleRequest(NULL, Object(Config\Cache), false)
#16 D:\Web\htdocs\ProfileNew\public\index.php(37): CodeIgniter\CodeIgniter->run()
#17 {main}
CRITICAL - 2022-01-03 23:02:15 --> Trying to access array offset on value of type null
#0 D:\Web\htdocs\ProfileNew\app\Views\product\edit.php(7): CodeIgniter\Debug\Exceptions->errorHandler(2, 'Trying to acces...', 'D:\\Web\\htdocs\\P...', 7)
#1 D:\Web\htdocs\ProfileNew\system\View\View.php(214): include('D:\\Web\\htdocs\\P...')
#2 D:\Web\htdocs\ProfileNew\system\View\View.php(217): CodeIgniter\View\View->CodeIgniter\View\{closure}()
#3 D:\Web\htdocs\ProfileNew\system\Common.php(1097): CodeIgniter\View\View->render('product/edit', Array, true)
#4 D:\Web\htdocs\ProfileNew\app\Views\layout\content.php(4): view('product/edit')
#5 D:\Web\htdocs\ProfileNew\system\View\View.php(214): include('D:\\Web\\htdocs\\P...')
#6 D:\Web\htdocs\ProfileNew\system\View\View.php(217): CodeIgniter\View\View->CodeIgniter\View\{closure}()
#7 D:\Web\htdocs\ProfileNew\system\Common.php(1097): CodeIgniter\View\View->render('layout/content....', Array, true)
#8 D:\Web\htdocs\ProfileNew\app\Views\layout\wrapper.php(5): view('layout/content....')
#9 D:\Web\htdocs\ProfileNew\system\View\View.php(214): include('D:\\Web\\htdocs\\P...')
#10 D:\Web\htdocs\ProfileNew\system\View\View.php(217): CodeIgniter\View\View->CodeIgniter\View\{closure}()
#11 D:\Web\htdocs\ProfileNew\system\Common.php(1097): CodeIgniter\View\View->render('layout/wrapper', Array, true)
#12 D:\Web\htdocs\ProfileNew\app\Controllers\Product.php(50): view('layout/wrapper', Array)
#13 D:\Web\htdocs\ProfileNew\system\CodeIgniter.php(824): App\Controllers\Product->edit('dist', 'img', 'user3-128x128.j...')
#14 D:\Web\htdocs\ProfileNew\system\CodeIgniter.php(410): CodeIgniter\CodeIgniter->runController(Object(App\Controllers\Product))
#15 D:\Web\htdocs\ProfileNew\system\CodeIgniter.php(318): CodeIgniter\CodeIgniter->handleRequest(NULL, Object(Config\Cache), false)
#16 D:\Web\htdocs\ProfileNew\public\index.php(37): CodeIgniter\CodeIgniter->run()
#17 {main}
CRITICAL - 2022-01-03 23:05:46 --> Trying to access array offset on value of type null
#0 D:\Web\htdocs\ProfileNew\app\Views\product\edit.php(7): CodeIgniter\Debug\Exceptions->errorHandler(2, 'Trying to acces...', 'D:\\Web\\htdocs\\P...', 7)
#1 D:\Web\htdocs\ProfileNew\system\View\View.php(214): include('D:\\Web\\htdocs\\P...')
#2 D:\Web\htdocs\ProfileNew\system\View\View.php(217): CodeIgniter\View\View->CodeIgniter\View\{closure}()
#3 D:\Web\htdocs\ProfileNew\system\Common.php(1097): CodeIgniter\View\View->render('product/edit', Array, true)
#4 D:\Web\htdocs\ProfileNew\app\Views\layout\content.php(4): view('product/edit')
#5 D:\Web\htdocs\ProfileNew\system\View\View.php(214): include('D:\\Web\\htdocs\\P...')
#6 D:\Web\htdocs\ProfileNew\system\View\View.php(217): CodeIgniter\View\View->CodeIgniter\View\{closure}()
#7 D:\Web\htdocs\ProfileNew\system\Common.php(1097): CodeIgniter\View\View->render('layout/content....', Array, true)
#8 D:\Web\htdocs\ProfileNew\app\Views\layout\wrapper.php(5): view('layout/content....')
#9 D:\Web\htdocs\ProfileNew\system\View\View.php(214): include('D:\\Web\\htdocs\\P...')
#10 D:\Web\htdocs\ProfileNew\system\View\View.php(217): CodeIgniter\View\View->CodeIgniter\View\{closure}()
#11 D:\Web\htdocs\ProfileNew\system\Common.php(1097): CodeIgniter\View\View->render('layout/wrapper', Array, true)
#12 D:\Web\htdocs\ProfileNew\app\Controllers\Product.php(50): view('layout/wrapper', Array)
#13 D:\Web\htdocs\ProfileNew\system\CodeIgniter.php(824): App\Controllers\Product->edit('dist', 'img', 'user1-128x128.j...')
#14 D:\Web\htdocs\ProfileNew\system\CodeIgniter.php(410): CodeIgniter\CodeIgniter->runController(Object(App\Controllers\Product))
#15 D:\Web\htdocs\ProfileNew\system\CodeIgniter.php(318): CodeIgniter\CodeIgniter->handleRequest(NULL, Object(Config\Cache), false)
#16 D:\Web\htdocs\ProfileNew\public\index.php(37): CodeIgniter\CodeIgniter->run()
#17 {main}
CRITICAL - 2022-01-03 23:05:46 --> Trying to access array offset on value of type null
#0 D:\Web\htdocs\ProfileNew\app\Views\product\edit.php(7): CodeIgniter\Debug\Exceptions->errorHandler(2, 'Trying to acces...', 'D:\\Web\\htdocs\\P...', 7)
#1 D:\Web\htdocs\ProfileNew\system\View\View.php(214): include('D:\\Web\\htdocs\\P...')
#2 D:\Web\htdocs\ProfileNew\system\View\View.php(217): CodeIgniter\View\View->CodeIgniter\View\{closure}()
#3 D:\Web\htdocs\ProfileNew\system\Common.php(1097): CodeIgniter\View\View->render('product/edit', Array, true)
#4 D:\Web\htdocs\ProfileNew\app\Views\layout\content.php(4): view('product/edit')
#5 D:\Web\htdocs\ProfileNew\system\View\View.php(214): include('D:\\Web\\htdocs\\P...')
#6 D:\Web\htdocs\ProfileNew\system\View\View.php(217): CodeIgniter\View\View->CodeIgniter\View\{closure}()
#7 D:\Web\htdocs\ProfileNew\system\Common.php(1097): CodeIgniter\View\View->render('layout/content....', Array, true)
#8 D:\Web\htdocs\ProfileNew\app\Views\layout\wrapper.php(5): view('layout/content....')
#9 D:\Web\htdocs\ProfileNew\system\View\View.php(214): include('D:\\Web\\htdocs\\P...')
#10 D:\Web\htdocs\ProfileNew\system\View\View.php(217): CodeIgniter\View\View->CodeIgniter\View\{closure}()
#11 D:\Web\htdocs\ProfileNew\system\Common.php(1097): CodeIgniter\View\View->render('layout/wrapper', Array, true)
#12 D:\Web\htdocs\ProfileNew\app\Controllers\Product.php(50): view('layout/wrapper', Array)
#13 D:\Web\htdocs\ProfileNew\system\CodeIgniter.php(824): App\Controllers\Product->edit('dist', 'img', 'user8-128x128.j...')
#14 D:\Web\htdocs\ProfileNew\system\CodeIgniter.php(410): CodeIgniter\CodeIgniter->runController(Object(App\Controllers\Product))
#15 D:\Web\htdocs\ProfileNew\system\CodeIgniter.php(318): CodeIgniter\CodeIgniter->handleRequest(NULL, Object(Config\Cache), false)
#16 D:\Web\htdocs\ProfileNew\public\index.php(37): CodeIgniter\CodeIgniter->run()
#17 {main}
CRITICAL - 2022-01-03 23:05:46 --> Trying to access array offset on value of type null
#0 D:\Web\htdocs\ProfileNew\app\Views\product\edit.php(7): CodeIgniter\Debug\Exceptions->errorHandler(2, 'Trying to acces...', 'D:\\Web\\htdocs\\P...', 7)
#1 D:\Web\htdocs\ProfileNew\system\View\View.php(214): include('D:\\Web\\htdocs\\P...')
#2 D:\Web\htdocs\ProfileNew\system\View\View.php(217): CodeIgniter\View\View->CodeIgniter\View\{closure}()
#3 D:\Web\htdocs\ProfileNew\system\Common.php(1097): CodeIgniter\View\View->render('product/edit', Array, true)
#4 D:\Web\htdocs\ProfileNew\app\Views\layout\content.php(4): view('product/edit')
#5 D:\Web\htdocs\ProfileNew\system\View\View.php(214): include('D:\\Web\\htdocs\\P...')
#6 D:\Web\htdocs\ProfileNew\system\View\View.php(217): CodeIgniter\View\View->CodeIgniter\View\{closure}()
#7 D:\Web\htdocs\ProfileNew\system\Common.php(1097): CodeIgniter\View\View->render('layout/content....', Array, true)
#8 D:\Web\htdocs\ProfileNew\app\Views\layout\wrapper.php(5): view('layout/content....')
#9 D:\Web\htdocs\ProfileNew\system\View\View.php(214): include('D:\\Web\\htdocs\\P...')
#10 D:\Web\htdocs\ProfileNew\system\View\View.php(217): CodeIgniter\View\View->CodeIgniter\View\{closure}()
#11 D:\Web\htdocs\ProfileNew\system\Common.php(1097): CodeIgniter\View\View->render('layout/wrapper', Array, true)
#12 D:\Web\htdocs\ProfileNew\app\Controllers\Product.php(50): view('layout/wrapper', Array)
#13 D:\Web\htdocs\ProfileNew\system\CodeIgniter.php(824): App\Controllers\Product->edit('dist', 'img', 'user3-128x128.j...')
#14 D:\Web\htdocs\ProfileNew\system\CodeIgniter.php(410): CodeIgniter\CodeIgniter->runController(Object(App\Controllers\Product))
#15 D:\Web\htdocs\ProfileNew\system\CodeIgniter.php(318): CodeIgniter\CodeIgniter->handleRequest(NULL, Object(Config\Cache), false)
#16 D:\Web\htdocs\ProfileNew\public\index.php(37): CodeIgniter\CodeIgniter->run()
#17 {main}
CRITICAL - 2022-01-03 23:07:23 --> Trying to access array offset on value of type null
#0 D:\Web\htdocs\ProfileNew\app\Views\product\edit.php(7): CodeIgniter\Debug\Exceptions->errorHandler(2, 'Trying to acces...', 'D:\\Web\\htdocs\\P...', 7)
#1 D:\Web\htdocs\ProfileNew\system\View\View.php(214): include('D:\\Web\\htdocs\\P...')
#2 D:\Web\htdocs\ProfileNew\system\View\View.php(217): CodeIgniter\View\View->CodeIgniter\View\{closure}()
#3 D:\Web\htdocs\ProfileNew\system\Common.php(1097): CodeIgniter\View\View->render('product/edit', Array, true)
#4 D:\Web\htdocs\ProfileNew\app\Views\layout\content.php(4): view('product/edit')
#5 D:\Web\htdocs\ProfileNew\system\View\View.php(214): include('D:\\Web\\htdocs\\P...')
#6 D:\Web\htdocs\ProfileNew\system\View\View.php(217): CodeIgniter\View\View->CodeIgniter\View\{closure}()
#7 D:\Web\htdocs\ProfileNew\system\Common.php(1097): CodeIgniter\View\View->render('layout/content....', Array, true)
#8 D:\Web\htdocs\ProfileNew\app\Views\layout\wrapper.php(5): view('layout/content....')
#9 D:\Web\htdocs\ProfileNew\system\View\View.php(214): include('D:\\Web\\htdocs\\P...')
#10 D:\Web\htdocs\ProfileNew\system\View\View.php(217): CodeIgniter\View\View->CodeIgniter\View\{closure}()
#11 D:\Web\htdocs\ProfileNew\system\Common.php(1097): CodeIgniter\View\View->render('layout/wrapper', Array, true)
#12 D:\Web\htdocs\ProfileNew\app\Controllers\Product.php(50): view('layout/wrapper', Array)
#13 D:\Web\htdocs\ProfileNew\system\CodeIgniter.php(824): App\Controllers\Product->edit('dist', 'img', 'user1-128x128.j...')
#14 D:\Web\htdocs\ProfileNew\system\CodeIgniter.php(410): CodeIgniter\CodeIgniter->runController(Object(App\Controllers\Product))
#15 D:\Web\htdocs\ProfileNew\system\CodeIgniter.php(318): CodeIgniter\CodeIgniter->handleRequest(NULL, Object(Config\Cache), false)
#16 D:\Web\htdocs\ProfileNew\public\index.php(37): CodeIgniter\CodeIgniter->run()
#17 {main}
CRITICAL - 2022-01-03 23:07:23 --> Trying to access array offset on value of type null
#0 D:\Web\htdocs\ProfileNew\app\Views\product\edit.php(7): CodeIgniter\Debug\Exceptions->errorHandler(2, 'Trying to acces...', 'D:\\Web\\htdocs\\P...', 7)
#1 D:\Web\htdocs\ProfileNew\system\View\View.php(214): include('D:\\Web\\htdocs\\P...')
#2 D:\Web\htdocs\ProfileNew\system\View\View.php(217): CodeIgniter\View\View->CodeIgniter\View\{closure}()
#3 D:\Web\htdocs\ProfileNew\system\Common.php(1097): CodeIgniter\View\View->render('product/edit', Array, true)
#4 D:\Web\htdocs\ProfileNew\app\Views\layout\content.php(4): view('product/edit')
#5 D:\Web\htdocs\ProfileNew\system\View\View.php(214): include('D:\\Web\\htdocs\\P...')
#6 D:\Web\htdocs\ProfileNew\system\View\View.php(217): CodeIgniter\View\View->CodeIgniter\View\{closure}()
#7 D:\Web\htdocs\ProfileNew\system\Common.php(1097): CodeIgniter\View\View->render('layout/content....', Array, true)
#8 D:\Web\htdocs\ProfileNew\app\Views\layout\wrapper.php(5): view('layout/content....')
#9 D:\Web\htdocs\ProfileNew\system\View\View.php(214): include('D:\\Web\\htdocs\\P...')
#10 D:\Web\htdocs\ProfileNew\system\View\View.php(217): CodeIgniter\View\View->CodeIgniter\View\{closure}()
#11 D:\Web\htdocs\ProfileNew\system\Common.php(1097): CodeIgniter\View\View->render('layout/wrapper', Array, true)
#12 D:\Web\htdocs\ProfileNew\app\Controllers\Product.php(50): view('layout/wrapper', Array)
#13 D:\Web\htdocs\ProfileNew\system\CodeIgniter.php(824): App\Controllers\Product->edit('dist', 'img', 'user8-128x128.j...')
#14 D:\Web\htdocs\ProfileNew\system\CodeIgniter.php(410): CodeIgniter\CodeIgniter->runController(Object(App\Controllers\Product))
#15 D:\Web\htdocs\ProfileNew\system\CodeIgniter.php(318): CodeIgniter\CodeIgniter->handleRequest(NULL, Object(Config\Cache), false)
#16 D:\Web\htdocs\ProfileNew\public\index.php(37): CodeIgniter\CodeIgniter->run()
#17 {main}
CRITICAL - 2022-01-03 23:07:23 --> Trying to access array offset on value of type null
#0 D:\Web\htdocs\ProfileNew\app\Views\product\edit.php(7): CodeIgniter\Debug\Exceptions->errorHandler(2, 'Trying to acces...', 'D:\\Web\\htdocs\\P...', 7)
#1 D:\Web\htdocs\ProfileNew\system\View\View.php(214): include('D:\\Web\\htdocs\\P...')
#2 D:\Web\htdocs\ProfileNew\system\View\View.php(217): CodeIgniter\View\View->CodeIgniter\View\{closure}()
#3 D:\Web\htdocs\ProfileNew\system\Common.php(1097): CodeIgniter\View\View->render('product/edit', Array, true)
#4 D:\Web\htdocs\ProfileNew\app\Views\layout\content.php(4): view('product/edit')
#5 D:\Web\htdocs\ProfileNew\system\View\View.php(214): include('D:\\Web\\htdocs\\P...')
#6 D:\Web\htdocs\ProfileNew\system\View\View.php(217): CodeIgniter\View\View->CodeIgniter\View\{closure}()
#7 D:\Web\htdocs\ProfileNew\system\Common.php(1097): CodeIgniter\View\View->render('layout/content....', Array, true)
#8 D:\Web\htdocs\ProfileNew\app\Views\layout\wrapper.php(5): view('layout/content....')
#9 D:\Web\htdocs\ProfileNew\system\View\View.php(214): include('D:\\Web\\htdocs\\P...')
#10 D:\Web\htdocs\ProfileNew\system\View\View.php(217): CodeIgniter\View\View->CodeIgniter\View\{closure}()
#11 D:\Web\htdocs\ProfileNew\system\Common.php(1097): CodeIgniter\View\View->render('layout/wrapper', Array, true)
#12 D:\Web\htdocs\ProfileNew\app\Controllers\Product.php(50): view('layout/wrapper', Array)
#13 D:\Web\htdocs\ProfileNew\system\CodeIgniter.php(824): App\Controllers\Product->edit('dist', 'img', 'user3-128x128.j...')
#14 D:\Web\htdocs\ProfileNew\system\CodeIgniter.php(410): CodeIgniter\CodeIgniter->runController(Object(App\Controllers\Product))
#15 D:\Web\htdocs\ProfileNew\system\CodeIgniter.php(318): CodeIgniter\CodeIgniter->handleRequest(NULL, Object(Config\Cache), false)
#16 D:\Web\htdocs\ProfileNew\public\index.php(37): CodeIgniter\CodeIgniter->run()
#17 {main}
CRITICAL - 2022-01-03 23:12:49 --> Trying to access array offset on value of type null
#0 D:\Web\htdocs\ProfileNew\app\Views\product\edit.php(7): CodeIgniter\Debug\Exceptions->errorHandler(2, 'Trying to acces...', 'D:\\Web\\htdocs\\P...', 7)
#1 D:\Web\htdocs\ProfileNew\system\View\View.php(214): include('D:\\Web\\htdocs\\P...')
#2 D:\Web\htdocs\ProfileNew\system\View\View.php(217): CodeIgniter\View\View->CodeIgniter\View\{closure}()
#3 D:\Web\htdocs\ProfileNew\system\Common.php(1097): CodeIgniter\View\View->render('product/edit', Array, true)
#4 D:\Web\htdocs\ProfileNew\app\Views\layout\content.php(4): view('product/edit')
#5 D:\Web\htdocs\ProfileNew\system\View\View.php(214): include('D:\\Web\\htdocs\\P...')
#6 D:\Web\htdocs\ProfileNew\system\View\View.php(217): CodeIgniter\View\View->CodeIgniter\View\{closure}()
#7 D:\Web\htdocs\ProfileNew\system\Common.php(1097): CodeIgniter\View\View->render('layout/content....', Array, true)
#8 D:\Web\htdocs\ProfileNew\app\Views\layout\wrapper.php(5): view('layout/content....')
#9 D:\Web\htdocs\ProfileNew\system\View\View.php(214): include('D:\\Web\\htdocs\\P...')
#10 D:\Web\htdocs\ProfileNew\system\View\View.php(217): CodeIgniter\View\View->CodeIgniter\View\{closure}()
#11 D:\Web\htdocs\ProfileNew\system\Common.php(1097): CodeIgniter\View\View->render('layout/wrapper', Array, true)
#12 D:\Web\htdocs\ProfileNew\app\Controllers\Product.php(50): view('layout/wrapper', Array)
#13 D:\Web\htdocs\ProfileNew\system\CodeIgniter.php(824): App\Controllers\Product->edit('dist', 'img', 'user1-128x128.j...')
#14 D:\Web\htdocs\ProfileNew\system\CodeIgniter.php(410): CodeIgniter\CodeIgniter->runController(Object(App\Controllers\Product))
#15 D:\Web\htdocs\ProfileNew\system\CodeIgniter.php(318): CodeIgniter\CodeIgniter->handleRequest(NULL, Object(Config\Cache), false)
#16 D:\Web\htdocs\ProfileNew\public\index.php(37): CodeIgniter\CodeIgniter->run()
#17 {main}
CRITICAL - 2022-01-03 23:12:49 --> Trying to access array offset on value of type null
#0 D:\Web\htdocs\ProfileNew\app\Views\product\edit.php(7): CodeIgniter\Debug\Exceptions->errorHandler(2, 'Trying to acces...', 'D:\\Web\\htdocs\\P...', 7)
#1 D:\Web\htdocs\ProfileNew\system\View\View.php(214): include('D:\\Web\\htdocs\\P...')
#2 D:\Web\htdocs\ProfileNew\system\View\View.php(217): CodeIgniter\View\View->CodeIgniter\View\{closure}()
#3 D:\Web\htdocs\ProfileNew\system\Common.php(1097): CodeIgniter\View\View->render('product/edit', Array, true)
#4 D:\Web\htdocs\ProfileNew\app\Views\layout\content.php(4): view('product/edit')
#5 D:\Web\htdocs\ProfileNew\system\View\View.php(214): include('D:\\Web\\htdocs\\P...')
#6 D:\Web\htdocs\ProfileNew\system\View\View.php(217): CodeIgniter\View\View->CodeIgniter\View\{closure}()
#7 D:\Web\htdocs\ProfileNew\system\Common.php(1097): CodeIgniter\View\View->render('layout/content....', Array, true)
#8 D:\Web\htdocs\ProfileNew\app\Views\layout\wrapper.php(5): view('layout/content....')
#9 D:\Web\htdocs\ProfileNew\system\View\View.php(214): include('D:\\Web\\htdocs\\P...')
#10 D:\Web\htdocs\ProfileNew\system\View\View.php(217): CodeIgniter\View\View->CodeIgniter\View\{closure}()
#11 D:\Web\htdocs\ProfileNew\system\Common.php(1097): CodeIgniter\View\View->render('layout/wrapper', Array, true)
#12 D:\Web\htdocs\ProfileNew\app\Controllers\Product.php(50): view('layout/wrapper', Array)
#13 D:\Web\htdocs\ProfileNew\system\CodeIgniter.php(824): App\Controllers\Product->edit('dist', 'img', 'user8-128x128.j...')
#14 D:\Web\htdocs\ProfileNew\system\CodeIgniter.php(410): CodeIgniter\CodeIgniter->runController(Object(App\Controllers\Product))
#15 D:\Web\htdocs\ProfileNew\system\CodeIgniter.php(318): CodeIgniter\CodeIgniter->handleRequest(NULL, Object(Config\Cache), false)
#16 D:\Web\htdocs\ProfileNew\public\index.php(37): CodeIgniter\CodeIgniter->run()
#17 {main}
CRITICAL - 2022-01-03 23:12:49 --> Trying to access array offset on value of type null
#0 D:\Web\htdocs\ProfileNew\app\Views\product\edit.php(7): CodeIgniter\Debug\Exceptions->errorHandler(2, 'Trying to acces...', 'D:\\Web\\htdocs\\P...', 7)
#1 D:\Web\htdocs\ProfileNew\system\View\View.php(214): include('D:\\Web\\htdocs\\P...')
#2 D:\Web\htdocs\ProfileNew\system\View\View.php(217): CodeIgniter\View\View->CodeIgniter\View\{closure}()
#3 D:\Web\htdocs\ProfileNew\system\Common.php(1097): CodeIgniter\View\View->render('product/edit', Array, true)
#4 D:\Web\htdocs\ProfileNew\app\Views\layout\content.php(4): view('product/edit')
#5 D:\Web\htdocs\ProfileNew\system\View\View.php(214): include('D:\\Web\\htdocs\\P...')
#6 D:\Web\htdocs\ProfileNew\system\View\View.php(217): CodeIgniter\View\View->CodeIgniter\View\{closure}()
#7 D:\Web\htdocs\ProfileNew\system\Common.php(1097): CodeIgniter\View\View->render('layout/content....', Array, true)
#8 D:\Web\htdocs\ProfileNew\app\Views\layout\wrapper.php(5): view('layout/content....')
#9 D:\Web\htdocs\ProfileNew\system\View\View.php(214): include('D:\\Web\\htdocs\\P...')
#10 D:\Web\htdocs\ProfileNew\system\View\View.php(217): CodeIgniter\View\View->CodeIgniter\View\{closure}()
#11 D:\Web\htdocs\ProfileNew\system\Common.php(1097): CodeIgniter\View\View->render('layout/wrapper', Array, true)
#12 D:\Web\htdocs\ProfileNew\app\Controllers\Product.php(50): view('layout/wrapper', Array)
#13 D:\Web\htdocs\ProfileNew\system\CodeIgniter.php(824): App\Controllers\Product->edit('dist', 'img', 'user3-128x128.j...')
#14 D:\Web\htdocs\ProfileNew\system\CodeIgniter.php(410): CodeIgniter\CodeIgniter->runController(Object(App\Controllers\Product))
#15 D:\Web\htdocs\ProfileNew\system\CodeIgniter.php(318): CodeIgniter\CodeIgniter->handleRequest(NULL, Object(Config\Cache), false)
#16 D:\Web\htdocs\ProfileNew\public\index.php(37): CodeIgniter\CodeIgniter->run()
#17 {main}
CRITICAL - 2022-01-03 23:12:53 --> Undefined variable $product_id
#0 D:\Web\htdocs\ProfileNew\app\Models\ProductModel.php(18): CodeIgniter\Debug\Exceptions->errorHandler(2, 'Undefined varia...', 'D:\\Web\\htdocs\\P...', 18)
#1 D:\Web\htdocs\ProfileNew\app\Controllers\Product.php(59): App\Models\ProductModel->update_product(Array)
#2 D:\Web\htdocs\ProfileNew\system\CodeIgniter.php(824): App\Controllers\Product->update('1')
#3 D:\Web\htdocs\ProfileNew\system\CodeIgniter.php(410): CodeIgniter\CodeIgniter->runController(Object(App\Controllers\Product))
#4 D:\Web\htdocs\ProfileNew\system\CodeIgniter.php(318): CodeIgniter\CodeIgniter->handleRequest(NULL, Object(Config\Cache), false)
#5 D:\Web\htdocs\ProfileNew\public\index.php(37): CodeIgniter\CodeIgniter->run()
#6 {main}
CRITICAL - 2022-01-03 23:14:42 --> Trying to access array offset on value of type null
#0 D:\Web\htdocs\ProfileNew\app\Views\product\edit.php(7): CodeIgniter\Debug\Exceptions->errorHandler(2, 'Trying to acces...', 'D:\\Web\\htdocs\\P...', 7)
#1 D:\Web\htdocs\ProfileNew\system\View\View.php(214): include('D:\\Web\\htdocs\\P...')
#2 D:\Web\htdocs\ProfileNew\system\View\View.php(217): CodeIgniter\View\View->CodeIgniter\View\{closure}()
#3 D:\Web\htdocs\ProfileNew\system\Common.php(1097): CodeIgniter\View\View->render('product/edit', Array, true)
#4 D:\Web\htdocs\ProfileNew\app\Views\layout\content.php(4): view('product/edit')
#5 D:\Web\htdocs\ProfileNew\system\View\View.php(214): include('D:\\Web\\htdocs\\P...')
#6 D:\Web\htdocs\ProfileNew\system\View\View.php(217): CodeIgniter\View\View->CodeIgniter\View\{closure}()
#7 D:\Web\htdocs\ProfileNew\system\Common.php(1097): CodeIgniter\View\View->render('layout/content....', Array, true)
#8 D:\Web\htdocs\ProfileNew\app\Views\layout\wrapper.php(5): view('layout/content....')
#9 D:\Web\htdocs\ProfileNew\system\View\View.php(214): include('D:\\Web\\htdocs\\P...')
#10 D:\Web\htdocs\ProfileNew\system\View\View.php(217): CodeIgniter\View\View->CodeIgniter\View\{closure}()
#11 D:\Web\htdocs\ProfileNew\system\Common.php(1097): CodeIgniter\View\View->render('layout/wrapper', Array, true)
#12 D:\Web\htdocs\ProfileNew\app\Controllers\Product.php(50): view('layout/wrapper', Array)
#13 D:\Web\htdocs\ProfileNew\system\CodeIgniter.php(824): App\Controllers\Product->edit('dist', 'img', 'user1-128x128.j...')
#14 D:\Web\htdocs\ProfileNew\system\CodeIgniter.php(410): CodeIgniter\CodeIgniter->runController(Object(App\Controllers\Product))
#15 D:\Web\htdocs\ProfileNew\system\CodeIgniter.php(318): CodeIgniter\CodeIgniter->handleRequest(NULL, Object(Config\Cache), false)
#16 D:\Web\htdocs\ProfileNew\public\index.php(37): CodeIgniter\CodeIgniter->run()
#17 {main}
CRITICAL - 2022-01-03 23:14:42 --> Trying to access array offset on value of type null
#0 D:\Web\htdocs\ProfileNew\app\Views\product\edit.php(7): CodeIgniter\Debug\Exceptions->errorHandler(2, 'Trying to acces...', 'D:\\Web\\htdocs\\P...', 7)
#1 D:\Web\htdocs\ProfileNew\system\View\View.php(214): include('D:\\Web\\htdocs\\P...')
#2 D:\Web\htdocs\ProfileNew\system\View\View.php(217): CodeIgniter\View\View->CodeIgniter\View\{closure}()
#3 D:\Web\htdocs\ProfileNew\system\Common.php(1097): CodeIgniter\View\View->render('product/edit', Array, true)
#4 D:\Web\htdocs\ProfileNew\app\Views\layout\content.php(4): view('product/edit')
#5 D:\Web\htdocs\ProfileNew\system\View\View.php(214): include('D:\\Web\\htdocs\\P...')
#6 D:\Web\htdocs\ProfileNew\system\View\View.php(217): CodeIgniter\View\View->CodeIgniter\View\{closure}()
#7 D:\Web\htdocs\ProfileNew\system\Common.php(1097): CodeIgniter\View\View->render('layout/content....', Array, true)
#8 D:\Web\htdocs\ProfileNew\app\Views\layout\wrapper.php(5): view('layout/content....')
#9 D:\Web\htdocs\ProfileNew\system\View\View.php(214): include('D:\\Web\\htdocs\\P...')
#10 D:\Web\htdocs\ProfileNew\system\View\View.php(217): CodeIgniter\View\View->CodeIgniter\View\{closure}()
#11 D:\Web\htdocs\ProfileNew\system\Common.php(1097): CodeIgniter\View\View->render('layout/wrapper', Array, true)
#12 D:\Web\htdocs\ProfileNew\app\Controllers\Product.php(50): view('layout/wrapper', Array)
#13 D:\Web\htdocs\ProfileNew\system\CodeIgniter.php(824): App\Controllers\Product->edit('dist', 'img', 'user8-128x128.j...')
#14 D:\Web\htdocs\ProfileNew\system\CodeIgniter.php(410): CodeIgniter\CodeIgniter->runController(Object(App\Controllers\Product))
#15 D:\Web\htdocs\ProfileNew\system\CodeIgniter.php(318): CodeIgniter\CodeIgniter->handleRequest(NULL, Object(Config\Cache), false)
#16 D:\Web\htdocs\ProfileNew\public\index.php(37): CodeIgniter\CodeIgniter->run()
#17 {main}
CRITICAL - 2022-01-03 23:14:42 --> Trying to access array offset on value of type null
#0 D:\Web\htdocs\ProfileNew\app\Views\product\edit.php(7): CodeIgniter\Debug\Exceptions->errorHandler(2, 'Trying to acces...', 'D:\\Web\\htdocs\\P...', 7)
#1 D:\Web\htdocs\ProfileNew\system\View\View.php(214): include('D:\\Web\\htdocs\\P...')
#2 D:\Web\htdocs\ProfileNew\system\View\View.php(217): CodeIgniter\View\View->CodeIgniter\View\{closure}()
#3 D:\Web\htdocs\ProfileNew\system\Common.php(1097): CodeIgniter\View\View->render('product/edit', Array, true)
#4 D:\Web\htdocs\ProfileNew\app\Views\layout\content.php(4): view('product/edit')
#5 D:\Web\htdocs\ProfileNew\system\View\View.php(214): include('D:\\Web\\htdocs\\P...')
#6 D:\Web\htdocs\ProfileNew\system\View\View.php(217): CodeIgniter\View\View->CodeIgniter\View\{closure}()
#7 D:\Web\htdocs\ProfileNew\system\Common.php(1097): CodeIgniter\View\View->render('layout/content....', Array, true)
#8 D:\Web\htdocs\ProfileNew\app\Views\layout\wrapper.php(5): view('layout/content....')
#9 D:\Web\htdocs\ProfileNew\system\View\View.php(214): include('D:\\Web\\htdocs\\P...')
#10 D:\Web\htdocs\ProfileNew\system\View\View.php(217): CodeIgniter\View\View->CodeIgniter\View\{closure}()
#11 D:\Web\htdocs\ProfileNew\system\Common.php(1097): CodeIgniter\View\View->render('layout/wrapper', Array, true)
#12 D:\Web\htdocs\ProfileNew\app\Controllers\Product.php(50): view('layout/wrapper', Array)
#13 D:\Web\htdocs\ProfileNew\system\CodeIgniter.php(824): App\Controllers\Product->edit('dist', 'img', 'user3-128x128.j...')
#14 D:\Web\htdocs\ProfileNew\system\CodeIgniter.php(410): CodeIgniter\CodeIgniter->runController(Object(App\Controllers\Product))
#15 D:\Web\htdocs\ProfileNew\system\CodeIgniter.php(318): CodeIgniter\CodeIgniter->handleRequest(NULL, Object(Config\Cache), false)
#16 D:\Web\htdocs\ProfileNew\public\index.php(37): CodeIgniter\CodeIgniter->run()
#17 {main}
CRITICAL - 2022-01-03 23:14:44 --> Too few arguments to function App\Models\ProductModel::update_product(), 1 passed in D:\Web\htdocs\ProfileNew\app\Controllers\Product.php on line 59 and exactly 2 expected
#0 D:\Web\htdocs\ProfileNew\app\Controllers\Product.php(59): App\Models\ProductModel->update_product(Array)
#1 D:\Web\htdocs\ProfileNew\system\CodeIgniter.php(824): App\Controllers\Product->update('1')
#2 D:\Web\htdocs\ProfileNew\system\CodeIgniter.php(410): CodeIgniter\CodeIgniter->runController(Object(App\Controllers\Product))
#3 D:\Web\htdocs\ProfileNew\system\CodeIgniter.php(318): CodeIgniter\CodeIgniter->handleRequest(NULL, Object(Config\Cache), false)
#4 D:\Web\htdocs\ProfileNew\public\index.php(37): CodeIgniter\CodeIgniter->run()
#5 {main}
CRITICAL - 2022-01-03 23:15:27 --> Trying to access array offset on value of type null
#0 D:\Web\htdocs\ProfileNew\app\Views\product\edit.php(7): CodeIgniter\Debug\Exceptions->errorHandler(2, 'Trying to acces...', 'D:\\Web\\htdocs\\P...', 7)
#1 D:\Web\htdocs\ProfileNew\system\View\View.php(214): include('D:\\Web\\htdocs\\P...')
#2 D:\Web\htdocs\ProfileNew\system\View\View.php(217): CodeIgniter\View\View->CodeIgniter\View\{closure}()
#3 D:\Web\htdocs\ProfileNew\system\Common.php(1097): CodeIgniter\View\View->render('product/edit', Array, true)
#4 D:\Web\htdocs\ProfileNew\app\Views\layout\content.php(4): view('product/edit')
#5 D:\Web\htdocs\ProfileNew\system\View\View.php(214): include('D:\\Web\\htdocs\\P...')
#6 D:\Web\htdocs\ProfileNew\system\View\View.php(217): CodeIgniter\View\View->CodeIgniter\View\{closure}()
#7 D:\Web\htdocs\ProfileNew\system\Common.php(1097): CodeIgniter\View\View->render('layout/content....', Array, true)
#8 D:\Web\htdocs\ProfileNew\app\Views\layout\wrapper.php(5): view('layout/content....')
#9 D:\Web\htdocs\ProfileNew\system\View\View.php(214): include('D:\\Web\\htdocs\\P...')
#10 D:\Web\htdocs\ProfileNew\system\View\View.php(217): CodeIgniter\View\View->CodeIgniter\View\{closure}()
#11 D:\Web\htdocs\ProfileNew\system\Common.php(1097): CodeIgniter\View\View->render('layout/wrapper', Array, true)
#12 D:\Web\htdocs\ProfileNew\app\Controllers\Product.php(50): view('layout/wrapper', Array)
#13 D:\Web\htdocs\ProfileNew\system\CodeIgniter.php(824): App\Controllers\Product->edit('dist', 'img', 'user1-128x128.j...')
#14 D:\Web\htdocs\ProfileNew\system\CodeIgniter.php(410): CodeIgniter\CodeIgniter->runController(Object(App\Controllers\Product))
#15 D:\Web\htdocs\ProfileNew\system\CodeIgniter.php(318): CodeIgniter\CodeIgniter->handleRequest(NULL, Object(Config\Cache), false)
#16 D:\Web\htdocs\ProfileNew\public\index.php(37): CodeIgniter\CodeIgniter->run()
#17 {main}
CRITICAL - 2022-01-03 23:15:27 --> Trying to access array offset on value of type null
#0 D:\Web\htdocs\ProfileNew\app\Views\product\edit.php(7): CodeIgniter\Debug\Exceptions->errorHandler(2, 'Trying to acces...', 'D:\\Web\\htdocs\\P...', 7)
#1 D:\Web\htdocs\ProfileNew\system\View\View.php(214): include('D:\\Web\\htdocs\\P...')
#2 D:\Web\htdocs\ProfileNew\system\View\View.php(217): CodeIgniter\View\View->CodeIgniter\View\{closure}()
#3 D:\Web\htdocs\ProfileNew\system\Common.php(1097): CodeIgniter\View\View->render('product/edit', Array, true)
#4 D:\Web\htdocs\ProfileNew\app\Views\layout\content.php(4): view('product/edit')
#5 D:\Web\htdocs\ProfileNew\system\View\View.php(214): include('D:\\Web\\htdocs\\P...')
#6 D:\Web\htdocs\ProfileNew\system\View\View.php(217): CodeIgniter\View\View->CodeIgniter\View\{closure}()
#7 D:\Web\htdocs\ProfileNew\system\Common.php(1097): CodeIgniter\View\View->render('layout/content....', Array, true)
#8 D:\Web\htdocs\ProfileNew\app\Views\layout\wrapper.php(5): view('layout/content....')
#9 D:\Web\htdocs\ProfileNew\system\View\View.php(214): include('D:\\Web\\htdocs\\P...')
#10 D:\Web\htdocs\ProfileNew\system\View\View.php(217): CodeIgniter\View\View->CodeIgniter\View\{closure}()
#11 D:\Web\htdocs\ProfileNew\system\Common.php(1097): CodeIgniter\View\View->render('layout/wrapper', Array, true)
#12 D:\Web\htdocs\ProfileNew\app\Controllers\Product.php(50): view('layout/wrapper', Array)
#13 D:\Web\htdocs\ProfileNew\system\CodeIgniter.php(824): App\Controllers\Product->edit('dist', 'img', 'user3-128x128.j...')
#14 D:\Web\htdocs\ProfileNew\system\CodeIgniter.php(410): CodeIgniter\CodeIgniter->runController(Object(App\Controllers\Product))
#15 D:\Web\htdocs\ProfileNew\system\CodeIgniter.php(318): CodeIgniter\CodeIgniter->handleRequest(NULL, Object(Config\Cache), false)
#16 D:\Web\htdocs\ProfileNew\public\index.php(37): CodeIgniter\CodeIgniter->run()
#17 {main}
CRITICAL - 2022-01-03 23:15:27 --> Trying to access array offset on value of type null
#0 D:\Web\htdocs\ProfileNew\app\Views\product\edit.php(7): CodeIgniter\Debug\Exceptions->errorHandler(2, 'Trying to acces...', 'D:\\Web\\htdocs\\P...', 7)
#1 D:\Web\htdocs\ProfileNew\system\View\View.php(214): include('D:\\Web\\htdocs\\P...')
#2 D:\Web\htdocs\ProfileNew\system\View\View.php(217): CodeIgniter\View\View->CodeIgniter\View\{closure}()
#3 D:\Web\htdocs\ProfileNew\system\Common.php(1097): CodeIgniter\View\View->render('product/edit', Array, true)
#4 D:\Web\htdocs\ProfileNew\app\Views\layout\content.php(4): view('product/edit')
#5 D:\Web\htdocs\ProfileNew\system\View\View.php(214): include('D:\\Web\\htdocs\\P...')
#6 D:\Web\htdocs\ProfileNew\system\View\View.php(217): CodeIgniter\View\View->CodeIgniter\View\{closure}()
#7 D:\Web\htdocs\ProfileNew\system\Common.php(1097): CodeIgniter\View\View->render('layout/content....', Array, true)
#8 D:\Web\htdocs\ProfileNew\app\Views\layout\wrapper.php(5): view('layout/content....')
#9 D:\Web\htdocs\ProfileNew\system\View\View.php(214): include('D:\\Web\\htdocs\\P...')
#10 D:\Web\htdocs\ProfileNew\system\View\View.php(217): CodeIgniter\View\View->CodeIgniter\View\{closure}()
#11 D:\Web\htdocs\ProfileNew\system\Common.php(1097): CodeIgniter\View\View->render('layout/wrapper', Array, true)
#12 D:\Web\htdocs\ProfileNew\app\Controllers\Product.php(50): view('layout/wrapper', Array)
#13 D:\Web\htdocs\ProfileNew\system\CodeIgniter.php(824): App\Controllers\Product->edit('dist', 'img', 'user8-128x128.j...')
#14 D:\Web\htdocs\ProfileNew\system\CodeIgniter.php(410): CodeIgniter\CodeIgniter->runController(Object(App\Controllers\Product))
#15 D:\Web\htdocs\ProfileNew\system\CodeIgniter.php(318): CodeIgniter\CodeIgniter->handleRequest(NULL, Object(Config\Cache), false)
#16 D:\Web\htdocs\ProfileNew\public\index.php(37): CodeIgniter\CodeIgniter->run()
#17 {main}
