CRITICAL - 2022-01-02 21:54:53 --> Invalid file: layout/wrappe.php
#0 D:\Web\htdocs\ProfileNew\system\View\View.php(198): CodeIgniter\Exceptions\FrameworkException::forInvalidFile('layout/wrappe.p...')
#1 D:\Web\htdocs\ProfileNew\system\Common.php(1097): CodeIgniter\View\View->render('layout/wrappe', Array, true)
#2 D:\Web\htdocs\ProfileNew\app\Controllers\Home.php(13): view('layout/wrappe', Array)
#3 D:\Web\htdocs\ProfileNew\system\CodeIgniter.php(824): App\Controllers\Home->index()
#4 D:\Web\htdocs\ProfileNew\system\CodeIgniter.php(410): CodeIgniter\CodeIgniter->runController(Object(App\Controllers\Home))
#5 D:\Web\htdocs\ProfileNew\system\CodeIgniter.php(318): CodeIgniter\CodeIgniter->handleRequest(NULL, Object(Config\Cache), false)
#6 D:\Web\htdocs\ProfileNew\public\index.php(37): CodeIgniter\CodeIgniter->run()
#7 D:\Web\htdocs\ProfileNew\system\Commands\Server\rewrite.php(43): require_once('D:\\Web\\htdocs\\P...')
#8 {main}
CRITICAL - 2022-01-02 21:54:54 --> Invalid file: layout/wrappe.php
#0 D:\Web\htdocs\ProfileNew\system\View\View.php(198): CodeIgniter\Exceptions\FrameworkException::forInvalidFile('layout/wrappe.p...')
#1 D:\Web\htdocs\ProfileNew\system\Common.php(1097): CodeIgniter\View\View->render('layout/wrappe', Array, true)
#2 D:\Web\htdocs\ProfileNew\app\Controllers\Home.php(13): view('layout/wrappe', Array)
#3 D:\Web\htdocs\ProfileNew\system\CodeIgniter.php(824): App\Controllers\Home->index()
#4 D:\Web\htdocs\ProfileNew\system\CodeIgniter.php(410): CodeIgniter\CodeIgniter->runController(Object(App\Controllers\Home))
#5 D:\Web\htdocs\ProfileNew\system\CodeIgniter.php(318): CodeIgniter\CodeIgniter->handleRequest(NULL, Object(Config\Cache), false)
#6 D:\Web\htdocs\ProfileNew\public\index.php(37): CodeIgniter\CodeIgniter->run()
#7 D:\Web\htdocs\ProfileNew\system\Commands\Server\rewrite.php(43): require_once('D:\\Web\\htdocs\\P...')
#8 {main}
CRITICAL - 2022-01-02 21:54:55 --> Invalid file: layout/wrappe.php
#0 D:\Web\htdocs\ProfileNew\system\View\View.php(198): CodeIgniter\Exceptions\FrameworkException::forInvalidFile('layout/wrappe.p...')
#1 D:\Web\htdocs\ProfileNew\system\Common.php(1097): CodeIgniter\View\View->render('layout/wrappe', Array, true)
#2 D:\Web\htdocs\ProfileNew\app\Controllers\Home.php(13): view('layout/wrappe', Array)
#3 D:\Web\htdocs\ProfileNew\system\CodeIgniter.php(824): App\Controllers\Home->index()
#4 D:\Web\htdocs\ProfileNew\system\CodeIgniter.php(410): CodeIgniter\CodeIgniter->runController(Object(App\Controllers\Home))
#5 D:\Web\htdocs\ProfileNew\system\CodeIgniter.php(318): CodeIgniter\CodeIgniter->handleRequest(NULL, Object(Config\Cache), false)
#6 D:\Web\htdocs\ProfileNew\public\index.php(37): CodeIgniter\CodeIgniter->run()
#7 D:\Web\htdocs\ProfileNew\system\Commands\Server\rewrite.php(43): require_once('D:\\Web\\htdocs\\P...')
#8 {main}
CRITICAL - 2022-01-02 22:24:14 --> Undefined variable $home
#0 D:\Web\htdocs\ProfileNew\app\Views\layout\head.php(10): CodeIgniter\Debug\Exceptions->errorHandler(2, 'Undefined varia...', 'D:\\Web\\htdocs\\P...', 10)
#1 D:\Web\htdocs\ProfileNew\system\View\View.php(214): include('D:\\Web\\htdocs\\P...')
#2 D:\Web\htdocs\ProfileNew\system\View\View.php(217): CodeIgniter\View\View->CodeIgniter\View\{closure}()
#3 D:\Web\htdocs\ProfileNew\system\Common.php(1097): CodeIgniter\View\View->render('layout/head.php', Array, true)
#4 D:\Web\htdocs\ProfileNew\app\Views\layout\wrapper.php(2): view('layout/head.php')
#5 D:\Web\htdocs\ProfileNew\system\View\View.php(214): include('D:\\Web\\htdocs\\P...')
#6 D:\Web\htdocs\ProfileNew\system\View\View.php(217): CodeIgniter\View\View->CodeIgniter\View\{closure}()
#7 D:\Web\htdocs\ProfileNew\system\Common.php(1097): CodeIgniter\View\View->render('layout/wrapper', Array, true)
#8 D:\Web\htdocs\ProfileNew\app\Controllers\Home.php(13): view('layout/wrapper', Array)
#9 D:\Web\htdocs\ProfileNew\system\CodeIgniter.php(824): App\Controllers\Home->index()
#10 D:\Web\htdocs\ProfileNew\system\CodeIgniter.php(410): CodeIgniter\CodeIgniter->runController(Object(App\Controllers\Home))
#11 D:\Web\htdocs\ProfileNew\system\CodeIgniter.php(318): CodeIgniter\CodeIgniter->handleRequest(NULL, Object(Config\Cache), false)
#12 D:\Web\htdocs\ProfileNew\public\index.php(37): CodeIgniter\CodeIgniter->run()
#13 D:\Web\htdocs\ProfileNew\system\Commands\Server\rewrite.php(43): require_once('D:\\Web\\htdocs\\P...')
#14 {main}
CRITICAL - 2022-01-02 22:24:20 --> Undefined constant "home"
#0 D:\Web\htdocs\ProfileNew\system\View\View.php(214): include()
#1 D:\Web\htdocs\ProfileNew\system\View\View.php(217): CodeIgniter\View\View->CodeIgniter\View\{closure}()
#2 D:\Web\htdocs\ProfileNew\system\Common.php(1097): CodeIgniter\View\View->render('layout/head.php', Array, true)
#3 D:\Web\htdocs\ProfileNew\app\Views\layout\wrapper.php(2): view('layout/head.php')
#4 D:\Web\htdocs\ProfileNew\system\View\View.php(214): include('D:\\Web\\htdocs\\P...')
#5 D:\Web\htdocs\ProfileNew\system\View\View.php(217): CodeIgniter\View\View->CodeIgniter\View\{closure}()
#6 D:\Web\htdocs\ProfileNew\system\Common.php(1097): CodeIgniter\View\View->render('layout/wrapper', Array, true)
#7 D:\Web\htdocs\ProfileNew\app\Controllers\Home.php(13): view('layout/wrapper', Array)
#8 D:\Web\htdocs\ProfileNew\system\CodeIgniter.php(824): App\Controllers\Home->index()
#9 D:\Web\htdocs\ProfileNew\system\CodeIgniter.php(410): CodeIgniter\CodeIgniter->runController(Object(App\Controllers\Home))
#10 D:\Web\htdocs\ProfileNew\system\CodeIgniter.php(318): CodeIgniter\CodeIgniter->handleRequest(NULL, Object(Config\Cache), false)
#11 D:\Web\htdocs\ProfileNew\public\index.php(37): CodeIgniter\CodeIgniter->run()
#12 D:\Web\htdocs\ProfileNew\system\Commands\Server\rewrite.php(43): require_once('D:\\Web\\htdocs\\P...')
#13 {main}
CRITICAL - 2022-01-02 22:38:28 --> Invalid file: menu3.php
#0 D:\Web\htdocs\ProfileNew\system\View\View.php(198): CodeIgniter\Exceptions\FrameworkException::forInvalidFile('menu3.php')
#1 D:\Web\htdocs\ProfileNew\system\Common.php(1097): CodeIgniter\View\View->render('menu3', Array, true)
#2 D:\Web\htdocs\ProfileNew\app\Views\layout\content.php(4): view('menu3')
#3 D:\Web\htdocs\ProfileNew\system\View\View.php(214): include('D:\\Web\\htdocs\\P...')
#4 D:\Web\htdocs\ProfileNew\system\View\View.php(217): CodeIgniter\View\View->CodeIgniter\View\{closure}()
#5 D:\Web\htdocs\ProfileNew\system\Common.php(1097): CodeIgniter\View\View->render('layout/content....', Array, true)
#6 D:\Web\htdocs\ProfileNew\app\Views\layout\wrapper.php(5): view('layout/content....')
#7 D:\Web\htdocs\ProfileNew\system\View\View.php(214): include('D:\\Web\\htdocs\\P...')
#8 D:\Web\htdocs\ProfileNew\system\View\View.php(217): CodeIgniter\View\View->CodeIgniter\View\{closure}()
#9 D:\Web\htdocs\ProfileNew\system\Common.php(1097): CodeIgniter\View\View->render('layout/wrapper', Array, true)
#10 D:\Web\htdocs\ProfileNew\app\Controllers\Home.php(29): view('layout/wrapper', Array)
#11 D:\Web\htdocs\ProfileNew\system\CodeIgniter.php(824): App\Controllers\Home->menu3()
#12 D:\Web\htdocs\ProfileNew\system\CodeIgniter.php(410): CodeIgniter\CodeIgniter->runController(Object(App\Controllers\Home))
#13 D:\Web\htdocs\ProfileNew\system\CodeIgniter.php(318): CodeIgniter\CodeIgniter->handleRequest(NULL, Object(Config\Cache), false)
#14 D:\Web\htdocs\ProfileNew\public\index.php(37): CodeIgniter\CodeIgniter->run()
#15 D:\Web\htdocs\ProfileNew\system\Commands\Server\rewrite.php(43): require_once('D:\\Web\\htdocs\\P...')
#16 {main}
CRITICAL - 2022-01-02 23:05:33 --> Namespace declaration statement has to be the very first statement or after any declare call in the script
#0 [internal function]: CodeIgniter\Debug\Exceptions->shutdownHandler()
#1 {main}
CRITICAL - 2022-01-02 23:08:37 --> Undefined property: App\Controllers\Product::$ProductModel
#0 D:\Web\htdocs\ProfileNew\app\Controllers\Product.php(20): CodeIgniter\Debug\Exceptions->errorHandler(2, 'Undefined prope...', 'D:\\Web\\htdocs\\P...', 20)
#1 D:\Web\htdocs\ProfileNew\system\CodeIgniter.php(824): App\Controllers\Product->index()
#2 D:\Web\htdocs\ProfileNew\system\CodeIgniter.php(410): CodeIgniter\CodeIgniter->runController(Object(App\Controllers\Product))
#3 D:\Web\htdocs\ProfileNew\system\CodeIgniter.php(318): CodeIgniter\CodeIgniter->handleRequest(NULL, Object(Config\Cache), false)
#4 D:\Web\htdocs\ProfileNew\public\index.php(37): CodeIgniter\CodeIgniter->run()
#5 D:\Web\htdocs\ProfileNew\system\Commands\Server\rewrite.php(43): require_once('D:\\Web\\htdocs\\P...')
#6 {main}
CRITICAL - 2022-01-02 23:09:22 --> Undefined property: App\Controllers\Product::$ProductModel
#0 D:\Web\htdocs\ProfileNew\app\Controllers\Product.php(20): CodeIgniter\Debug\Exceptions->errorHandler(2, 'Undefined prope...', 'D:\\Web\\htdocs\\P...', 20)
#1 D:\Web\htdocs\ProfileNew\system\CodeIgniter.php(824): App\Controllers\Product->index()
#2 D:\Web\htdocs\ProfileNew\system\CodeIgniter.php(410): CodeIgniter\CodeIgniter->runController(Object(App\Controllers\Product))
#3 D:\Web\htdocs\ProfileNew\system\CodeIgniter.php(318): CodeIgniter\CodeIgniter->handleRequest(NULL, Object(Config\Cache), false)
#4 D:\Web\htdocs\ProfileNew\public\index.php(37): CodeIgniter\CodeIgniter->run()
#5 D:\Web\htdocs\ProfileNew\system\Commands\Server\rewrite.php(43): require_once('D:\\Web\\htdocs\\P...')
#6 {main}
CRITICAL - 2022-01-02 23:09:23 --> Undefined property: App\Controllers\Product::$ProductModel
#0 D:\Web\htdocs\ProfileNew\app\Controllers\Product.php(20): CodeIgniter\Debug\Exceptions->errorHandler(2, 'Undefined prope...', 'D:\\Web\\htdocs\\P...', 20)
#1 D:\Web\htdocs\ProfileNew\system\CodeIgniter.php(824): App\Controllers\Product->index()
#2 D:\Web\htdocs\ProfileNew\system\CodeIgniter.php(410): CodeIgniter\CodeIgniter->runController(Object(App\Controllers\Product))
#3 D:\Web\htdocs\ProfileNew\system\CodeIgniter.php(318): CodeIgniter\CodeIgniter->handleRequest(NULL, Object(Config\Cache), false)
#4 D:\Web\htdocs\ProfileNew\public\index.php(37): CodeIgniter\CodeIgniter->run()
#5 D:\Web\htdocs\ProfileNew\system\Commands\Server\rewrite.php(43): require_once('D:\\Web\\htdocs\\P...')
#6 {main}
CRITICAL - 2022-01-02 23:10:02 --> Undefined property: App\Controllers\Product::$ProductModel
#0 D:\Web\htdocs\ProfileNew\app\Controllers\Product.php(20): CodeIgniter\Debug\Exceptions->errorHandler(2, 'Undefined prope...', 'D:\\Web\\htdocs\\P...', 20)
#1 D:\Web\htdocs\ProfileNew\system\CodeIgniter.php(824): App\Controllers\Product->index()
#2 D:\Web\htdocs\ProfileNew\system\CodeIgniter.php(410): CodeIgniter\CodeIgniter->runController(Object(App\Controllers\Product))
#3 D:\Web\htdocs\ProfileNew\system\CodeIgniter.php(318): CodeIgniter\CodeIgniter->handleRequest(NULL, Object(Config\Cache), false)
#4 D:\Web\htdocs\ProfileNew\public\index.php(37): CodeIgniter\CodeIgniter->run()
#5 D:\Web\htdocs\ProfileNew\system\Commands\Server\rewrite.php(43): require_once('D:\\Web\\htdocs\\P...')
#6 {main}
CRITICAL - 2022-01-02 23:17:06 --> Array callback must have exactly two elements
#0 D:\Web\htdocs\ProfileNew\system\View\View.php(214): include()
#1 D:\Web\htdocs\ProfileNew\system\View\View.php(217): CodeIgniter\View\View->CodeIgniter\View\{closure}()
#2 D:\Web\htdocs\ProfileNew\system\Common.php(1097): CodeIgniter\View\View->render('product/list', Array, true)
#3 D:\Web\htdocs\ProfileNew\app\Views\layout\content.php(4): view('product/list')
#4 D:\Web\htdocs\ProfileNew\system\View\View.php(214): include('D:\\Web\\htdocs\\P...')
#5 D:\Web\htdocs\ProfileNew\system\View\View.php(217): CodeIgniter\View\View->CodeIgniter\View\{closure}()
#6 D:\Web\htdocs\ProfileNew\system\Common.php(1097): CodeIgniter\View\View->render('layout/content....', Array, true)
#7 D:\Web\htdocs\ProfileNew\app\Views\layout\wrapper.php(5): view('layout/content....')
#8 D:\Web\htdocs\ProfileNew\system\View\View.php(214): include('D:\\Web\\htdocs\\P...')
#9 D:\Web\htdocs\ProfileNew\system\View\View.php(217): CodeIgniter\View\View->CodeIgniter\View\{closure}()
#10 D:\Web\htdocs\ProfileNew\system\Common.php(1097): CodeIgniter\View\View->render('layout/wrapper', Array, true)
#11 D:\Web\htdocs\ProfileNew\app\Controllers\Product.php(23): view('layout/wrapper', Array)
#12 D:\Web\htdocs\ProfileNew\system\CodeIgniter.php(824): App\Controllers\Product->index()
#13 D:\Web\htdocs\ProfileNew\system\CodeIgniter.php(410): CodeIgniter\CodeIgniter->runController(Object(App\Controllers\Product))
#14 D:\Web\htdocs\ProfileNew\system\CodeIgniter.php(318): CodeIgniter\CodeIgniter->handleRequest(NULL, Object(Config\Cache), false)
#15 D:\Web\htdocs\ProfileNew\public\index.php(37): CodeIgniter\CodeIgniter->run()
#16 D:\Web\htdocs\ProfileNew\system\Commands\Server\rewrite.php(43): require_once('D:\\Web\\htdocs\\P...')
#17 {main}
CRITICAL - 2022-01-02 23:17:33 --> Array callback must have exactly two elements
#0 D:\Web\htdocs\ProfileNew\system\View\View.php(214): include()
#1 D:\Web\htdocs\ProfileNew\system\View\View.php(217): CodeIgniter\View\View->CodeIgniter\View\{closure}()
#2 D:\Web\htdocs\ProfileNew\system\Common.php(1097): CodeIgniter\View\View->render('product/list', Array, true)
#3 D:\Web\htdocs\ProfileNew\app\Views\layout\content.php(4): view('product/list')
#4 D:\Web\htdocs\ProfileNew\system\View\View.php(214): include('D:\\Web\\htdocs\\P...')
#5 D:\Web\htdocs\ProfileNew\system\View\View.php(217): CodeIgniter\View\View->CodeIgniter\View\{closure}()
#6 D:\Web\htdocs\ProfileNew\system\Common.php(1097): CodeIgniter\View\View->render('layout/content....', Array, true)
#7 D:\Web\htdocs\ProfileNew\app\Views\layout\wrapper.php(5): view('layout/content....')
#8 D:\Web\htdocs\ProfileNew\system\View\View.php(214): include('D:\\Web\\htdocs\\P...')
#9 D:\Web\htdocs\ProfileNew\system\View\View.php(217): CodeIgniter\View\View->CodeIgniter\View\{closure}()
#10 D:\Web\htdocs\ProfileNew\system\Common.php(1097): CodeIgniter\View\View->render('layout/wrapper', Array, true)
#11 D:\Web\htdocs\ProfileNew\app\Controllers\Product.php(23): view('layout/wrapper', Array)
#12 D:\Web\htdocs\ProfileNew\system\CodeIgniter.php(824): App\Controllers\Product->index()
#13 D:\Web\htdocs\ProfileNew\system\CodeIgniter.php(410): CodeIgniter\CodeIgniter->runController(Object(App\Controllers\Product))
#14 D:\Web\htdocs\ProfileNew\system\CodeIgniter.php(318): CodeIgniter\CodeIgniter->handleRequest(NULL, Object(Config\Cache), false)
#15 D:\Web\htdocs\ProfileNew\public\index.php(37): CodeIgniter\CodeIgniter->run()
#16 D:\Web\htdocs\ProfileNew\system\Commands\Server\rewrite.php(43): require_once('D:\\Web\\htdocs\\P...')
#17 {main}
